Using pre-set license
Built from '2020.3/release' branch; Version is '2020.3.1f1 (77a89f25062f) revision 7841951'; Using compiler version '192528614'; Build Type 'Release'
OS: 'Windows 10 Home; OS build 19042.867; Version 2009; 64bit' Language: 'ru' Physical Memory: 7963 MB
BatchMode: 1, IsHumanControllingUs: 0, StartBugReporterOnCrash: 0, Is64bit: 1, IsPro: 0

 COMMAND LINE ARGUMENTS:
C:\Program Files\Unity\Hub\Editor\2020.3.1f1\Editor\Unity.exe
-adb2
-batchMode
-noUpm
-name
AssetImportWorker0
-projectPath
C:/GameDev/UnityProjects/SpaceShooter
-logFile
Logs/AssetImportWorker0.log
-srvPort
50123
Successfully changed project path to: C:/GameDev/UnityProjects/SpaceShooter
C:/GameDev/UnityProjects/SpaceShooter
Using Asset Import Pipeline V2.
Refreshing native plugins compatible for Editor in 75.21 ms, found 0 plugins.
Preloading 0 native plugins for Editor in 0.00 ms.
Initialize engine version: 2020.3.1f1 (77a89f25062f)
[Subsystems] Discovering subsystems at path C:/Program Files/Unity/Hub/Editor/2020.3.1f1/Editor/Data/Resources/UnitySubsystems
[Subsystems] Discovering subsystems at path C:/GameDev/UnityProjects/SpaceShooter/Assets
GfxDevice: creating device client; threaded=0
Direct3D:
    Version:  Direct3D 11.0 [level 11.1]
    Renderer: NVIDIA GeForce MX350 (ID=0x1c96)
    Vendor:   
    VRAM:     1979 MB
    Driver:   26.21.14.4137
Initialize mono
Mono path[0] = 'C:/Program Files/Unity/Hub/Editor/2020.3.1f1/Editor/Data/Managed'
Mono path[1] = 'C:/Program Files/Unity/Hub/Editor/2020.3.1f1/Editor/Data/MonoBleedingEdge/lib/mono/unityjit'
Mono config path = 'C:/Program Files/Unity/Hub/Editor/2020.3.1f1/Editor/Data/MonoBleedingEdge/etc'
Using monoOptions --debugger-agent=transport=dt_socket,embedding=1,server=y,suspend=n,address=127.0.0.1:56180
Begin MonoManager ReloadAssembly
Registering precompiled unity dll's ...
Register platform support module: C:/Program Files/Unity/Hub/Editor/2020.3.1f1/Editor/Data/PlaybackEngines/WindowsStandaloneSupport/UnityEditor.WindowsStandalone.Extensions.dll
Registered in 0.004386 seconds.
Native extension for WindowsStandalone target not found
Refreshing native plugins compatible for Editor in 55.76 ms, found 0 plugins.
Preloading 0 native plugins for Editor in 0.00 ms.
Invoked RoslynAnalysisRunner static constructor.
RoslynAnalysisRunner will not be running.
RoslynAnalysisRunner has terminated.
Mono: successfully reloaded assembly
- Completed reload, in  2.142 seconds
Platform modules already initialized, skipping
Registering precompiled user dll's ...
Registered in 0.001452 seconds.
Begin MonoManager ReloadAssembly
Native extension for WindowsStandalone target not found
Refreshing native plugins compatible for Editor in 0.35 ms, found 0 plugins.
Preloading 0 native plugins for Editor in 0.00 ms.
Invoked RoslynAnalysisRunner static constructor.
RoslynAnalysisRunner will not be running.
RoslynAnalysisRunner has terminated.
Mono: successfully reloaded assembly
- Completed reload, in  1.676 seconds
Platform modules already initialized, skipping
========================================================================
Worker process is ready to serve import requests
Launched and connected shader compiler UnityShaderCompiler.exe after 0.08 seconds
Refreshing native plugins compatible for Editor in 0.26 ms, found 0 plugins.
Preloading 0 native plugins for Editor in 0.00 ms.
Unloading 1153 Unused Serialized files (Serialized files now loaded: 0)
System memory in use before: 58.2 MB.
System memory in use after: 58.3 MB.

Unloading 9 unused Assets to reduce memory usage. Loaded Objects now: 1598.
Total: 2.338600 ms (FindLiveObjects: 0.190700 ms CreateObjectMapping: 0.060100 ms MarkObjects: 1.958900 ms  DeleteObjects: 0.127300 ms)

========================================================================
Received Import Request.
  path: Assets/OldVersionStaff/Prefabs/ProjectileHero.prefab
  artifactKey: Guid(c506a330943d85145bd28496d47ddfcf) Importer(815301076,1909f56bfc062723c751e8b465ee728b)
Start importing Assets/OldVersionStaff/Prefabs/ProjectileHero.prefab using Guid(c506a330943d85145bd28496d47ddfcf) Importer(815301076,1909f56bfc062723c751e8b465ee728b)  -> (artifact id: 'c8065c93832bd4ec0a4b00eae51016af') in 0.142167 seconds
  Import took 0.146836 seconds .

========================================================================
Received Import Request.
  Time since last request: 0.000632 seconds.
  path: Assets/OldVersionStaff/Prefabs/Enemy_2.prefab
  artifactKey: Guid(51a4af612f8e7864dab5e57558eaa37e) Importer(815301076,1909f56bfc062723c751e8b465ee728b)
Start importing Assets/OldVersionStaff/Prefabs/Enemy_2.prefab using Guid(51a4af612f8e7864dab5e57558eaa37e) Importer(815301076,1909f56bfc062723c751e8b465ee728b)  -> (artifact id: 'da34cb7217f8fc592ea9018e51bdbc02') in 0.052297 seconds
  Import took 0.057678 seconds .

========================================================================
Received Import Request.
  Time since last request: 0.000337 seconds.
  path: Assets/OldVersionStaff/Prefabs/PowerUp.prefab
  artifactKey: Guid(efe18d929db65964fa35b92e2b6fab2e) Importer(815301076,1909f56bfc062723c751e8b465ee728b)
Start importing Assets/OldVersionStaff/Prefabs/PowerUp.prefab using Guid(efe18d929db65964fa35b92e2b6fab2e) Importer(815301076,1909f56bfc062723c751e8b465ee728b)  -> (artifact id: 'e662ff4354e8b9a064ac68408b00b2c8') in 0.015547 seconds
  Import took 0.019943 seconds .

========================================================================
Received Import Request.
  Time since last request: 0.000382 seconds.
  path: Assets/OldVersionStaff/Prefabs/Enemy_4.prefab
  artifactKey: Guid(f6af31936f26f4c4bbdb95587f920a65) Importer(815301076,1909f56bfc062723c751e8b465ee728b)
Start importing Assets/OldVersionStaff/Prefabs/Enemy_4.prefab using Guid(f6af31936f26f4c4bbdb95587f920a65) Importer(815301076,1909f56bfc062723c751e8b465ee728b)  -> (artifact id: '044e389311fc60899715a3f476db2f8f') in 0.034787 seconds
  Import took 0.039813 seconds .

========================================================================
Received Import Request.
  Time since last request: 0.000513 seconds.
  path: Assets/OldVersionStaff/Prefabs/Enemy_3.prefab
  artifactKey: Guid(5ad369b83b367864ca05c1df45828945) Importer(815301076,1909f56bfc062723c751e8b465ee728b)
Start importing Assets/OldVersionStaff/Prefabs/Enemy_3.prefab using Guid(5ad369b83b367864ca05c1df45828945) Importer(815301076,1909f56bfc062723c751e8b465ee728b)  -> (artifact id: '8f92ed6e4e352319378f4ac78a4d86f3') in 0.028136 seconds
  Import took 0.033890 seconds .

========================================================================
Received Import Request.
  Time since last request: 0.000480 seconds.
  path: Assets/OldVersionStaff/Prefabs/Enemy_1.prefab
  artifactKey: Guid(48f05e14983f91b4c8095afd2c019469) Importer(815301076,1909f56bfc062723c751e8b465ee728b)
Start importing Assets/OldVersionStaff/Prefabs/Enemy_1.prefab using Guid(48f05e14983f91b4c8095afd2c019469) Importer(815301076,1909f56bfc062723c751e8b465ee728b)  -> (artifact id: 'f26f5ffc70b7b2f7ff42f61a30ea1f72') in 0.033095 seconds
  Import took 0.037546 seconds .

========================================================================
Received Import Request.
  Time since last request: 0.000467 seconds.
  path: Assets/OldVersionStaff/Prefabs/Enemy_0.prefab
  artifactKey: Guid(dcc40b3ee055f7f41981c952a4944f51) Importer(815301076,1909f56bfc062723c751e8b465ee728b)
Start importing Assets/OldVersionStaff/Prefabs/Enemy_0.prefab using Guid(dcc40b3ee055f7f41981c952a4944f51) Importer(815301076,1909f56bfc062723c751e8b465ee728b)  -> (artifact id: '4f937ab2efff493fd72bf4fa3046cbea') in 0.017907 seconds
  Import took 0.022084 seconds .

========================================================================
Received Import Request.
  Time since last request: 1.363458 seconds.
  path: Assets/OldVersionStaff/Prefabs/ProjectileHero 1.prefab
  artifactKey: Guid(d0f8f80aa78e4564998f8463f69db0bb) Importer(815301076,1909f56bfc062723c751e8b465ee728b)
Start importing Assets/OldVersionStaff/Prefabs/ProjectileHero 1.prefab using Guid(d0f8f80aa78e4564998f8463f69db0bb) Importer(815301076,1909f56bfc062723c751e8b465ee728b)  -> (artifact id: '0efb188aa505eab64b871124ee961588') in 0.041094 seconds
  Import took 0.045614 seconds .

========================================================================
Received Import Request.
  Time since last request: 7.728802 seconds.
  path: Assets/OldVersionStaff/Prefabs/Projectile.prefab
  artifactKey: Guid(d0f8f80aa78e4564998f8463f69db0bb) Importer(815301076,1909f56bfc062723c751e8b465ee728b)
Start importing Assets/OldVersionStaff/Prefabs/Projectile.prefab using Guid(d0f8f80aa78e4564998f8463f69db0bb) Importer(815301076,1909f56bfc062723c751e8b465ee728b)  -> (artifact id: '17bb15705b9b3103e3106524a5ce7960') in 0.035590 seconds
  Import took 0.041137 seconds .

========================================================================
Received Import Request.
  Time since last request: 44.101998 seconds.
  path: Assets/Prefabs/Projectile.prefab
  artifactKey: Guid(d0f8f80aa78e4564998f8463f69db0bb) Importer(815301076,1909f56bfc062723c751e8b465ee728b)
Start importing Assets/Prefabs/Projectile.prefab using Guid(d0f8f80aa78e4564998f8463f69db0bb) Importer(815301076,1909f56bfc062723c751e8b465ee728b)  -> (artifact id: 'd8e04b925b58a7dbbfa69cde78a51e6b') in 0.018200 seconds
  Import took 0.024648 seconds .

========================================================================
Received Import Request.
  Time since last request: 2.223240 seconds.
  path: Assets/Prefabs/Projectile.prefab
  artifactKey: Guid(d0f8f80aa78e4564998f8463f69db0bb) Importer(815301076,1909f56bfc062723c751e8b465ee728b)
Start importing Assets/Prefabs/Projectile.prefab using Guid(d0f8f80aa78e4564998f8463f69db0bb) Importer(815301076,1909f56bfc062723c751e8b465ee728b)  -> (artifact id: '09fc4b1bc7356439f49ea53bc3a93503') in 0.015365 seconds
  Import took 0.020117 seconds .

========================================================================
Received Prepare
Registering precompiled user dll's ...
Registered in 0.001170 seconds.
Begin MonoManager ReloadAssembly
Native extension for WindowsStandalone target not found
Refreshing native plugins compatible for Editor in 0.38 ms, found 0 plugins.
Preloading 0 native plugins for Editor in 0.00 ms.
Invoked RoslynAnalysisRunner static constructor.
RoslynAnalysisRunner will not be running.
RoslynAnalysisRunner has terminated.
Mono: successfully reloaded assembly
- Completed reload, in  1.492 seconds
Platform modules already initialized, skipping
Refreshing native plugins compatible for Editor in 0.53 ms, found 0 plugins.
Preloading 0 native plugins for Editor in 0.00 ms.
Unloading 1148 Unused Serialized files (Serialized files now loaded: 0)
System memory in use before: 61.3 MB.
System memory in use after: 61.4 MB.

Unloading 5 unused Assets to reduce memory usage. Loaded Objects now: 1611.
Total: 2.748300 ms (FindLiveObjects: 0.196500 ms CreateObjectMapping: 0.055400 ms MarkObjects: 2.464700 ms  DeleteObjects: 0.030500 ms)

========================================================================
Received Import Request.
  Time since last request: 48.473178 seconds.
  path: Assets/Prefabs/Projectile.prefab
  artifactKey: Guid(d0f8f80aa78e4564998f8463f69db0bb) Importer(815301076,1909f56bfc062723c751e8b465ee728b)
Start importing Assets/Prefabs/Projectile.prefab using Guid(d0f8f80aa78e4564998f8463f69db0bb) Importer(815301076,1909f56bfc062723c751e8b465ee728b)  -> (artifact id: '3868a1d20f8e1d77418ef0858e27c33d') in 0.136639 seconds
  Import took 0.141622 seconds .

========================================================================
Received Import Request.
  Time since last request: 5.030786 seconds.
  path: Assets/Prefabs/Projectile.prefab
  artifactKey: Guid(d0f8f80aa78e4564998f8463f69db0bb) Importer(815301076,1909f56bfc062723c751e8b465ee728b)
Start importing Assets/Prefabs/Projectile.prefab using Guid(d0f8f80aa78e4564998f8463f69db0bb) Importer(815301076,1909f56bfc062723c751e8b465ee728b)  -> (artifact id: 'a5b695121988d2fda4f2417fd0f202f7') in 0.015439 seconds
  Import took 0.019350 seconds .

========================================================================
Received Import Request.
  Time since last request: 0.014400 seconds.
  path: Assets/Prefabs/Projectile.prefab
  artifactKey: Guid(d0f8f80aa78e4564998f8463f69db0bb) Importer(815301076,1909f56bfc062723c751e8b465ee728b)
Start importing Assets/Prefabs/Projectile.prefab using Guid(d0f8f80aa78e4564998f8463f69db0bb) Importer(815301076,1909f56bfc062723c751e8b465ee728b)  -> (artifact id: 'a5b695121988d2fda4f2417fd0f202f7') in 0.011612 seconds
  Import took 0.015166 seconds .

========================================================================
Received Prepare
Registering precompiled user dll's ...
Registered in 0.001106 seconds.
Begin MonoManager ReloadAssembly
Native extension for WindowsStandalone target not found
Refreshing native plugins compatible for Editor in 0.38 ms, found 0 plugins.
Preloading 0 native plugins for Editor in 0.00 ms.
Invoked RoslynAnalysisRunner static constructor.
RoslynAnalysisRunner will not be running.
RoslynAnalysisRunner has terminated.
Mono: successfully reloaded assembly
- Completed reload, in  1.497 seconds
Platform modules already initialized, skipping
Refreshing native plugins compatible for Editor in 0.37 ms, found 0 plugins.
Preloading 0 native plugins for Editor in 0.00 ms.
Unloading 1148 Unused Serialized files (Serialized files now loaded: 0)
System memory in use before: 61.4 MB.
System memory in use after: 61.5 MB.

Unloading 4 unused Assets to reduce memory usage. Loaded Objects now: 1615.
Total: 2.749800 ms (FindLiveObjects: 0.197600 ms CreateObjectMapping: 0.055500 ms MarkObjects: 2.399800 ms  DeleteObjects: 0.094900 ms)

========================================================================
Received Prepare
Registering precompiled user dll's ...
Registered in 0.001347 seconds.
Begin MonoManager ReloadAssembly
Native extension for WindowsStandalone target not found
Refreshing native plugins compatible for Editor in 0.35 ms, found 0 plugins.
Preloading 0 native plugins for Editor in 0.00 ms.
Invoked RoslynAnalysisRunner static constructor.
RoslynAnalysisRunner will not be running.
RoslynAnalysisRunner has terminated.
Mono: successfully reloaded assembly
- Completed reload, in  1.553 seconds
Platform modules already initialized, skipping
Refreshing native plugins compatible for Editor in 0.41 ms, found 0 plugins.
Preloading 0 native plugins for Editor in 0.00 ms.
Unloading 1148 Unused Serialized files (Serialized files now loaded: 0)
System memory in use before: 61.4 MB.
System memory in use after: 61.5 MB.

Unloading 4 unused Assets to reduce memory usage. Loaded Objects now: 1618.
Total: 3.052400 ms (FindLiveObjects: 0.298000 ms CreateObjectMapping: 0.081200 ms MarkObjects: 2.605100 ms  DeleteObjects: 0.065500 ms)

========================================================================
Received Prepare
Registering precompiled user dll's ...
Registered in 0.001146 seconds.
Begin MonoManager ReloadAssembly
Native extension for WindowsStandalone target not found
Refreshing native plugins compatible for Editor in 0.31 ms, found 0 plugins.
Preloading 0 native plugins for Editor in 0.00 ms.
Invoked RoslynAnalysisRunner static constructor.
RoslynAnalysisRunner will not be running.
RoslynAnalysisRunner has terminated.
Mono: successfully reloaded assembly
- Completed reload, in  1.452 seconds
Platform modules already initialized, skipping
Refreshing native plugins compatible for Editor in 0.34 ms, found 0 plugins.
Preloading 0 native plugins for Editor in 0.00 ms.
Unloading 1148 Unused Serialized files (Serialized files now loaded: 0)
System memory in use before: 61.4 MB.
System memory in use after: 61.5 MB.

Unloading 4 unused Assets to reduce memory usage. Loaded Objects now: 1621.
Total: 2.267000 ms (FindLiveObjects: 0.245700 ms CreateObjectMapping: 0.061400 ms MarkObjects: 1.931800 ms  DeleteObjects: 0.026100 ms)

========================================================================
Received Prepare
Registering precompiled user dll's ...
Registered in 0.001278 seconds.
Begin MonoManager ReloadAssembly
Native extension for WindowsStandalone target not found
Refreshing native plugins compatible for Editor in 0.36 ms, found 0 plugins.
Preloading 0 native plugins for Editor in 0.00 ms.
Invoked RoslynAnalysisRunner static constructor.
RoslynAnalysisRunner will not be running.
RoslynAnalysisRunner has terminated.
Mono: successfully reloaded assembly
- Completed reload, in  1.539 seconds
Platform modules already initialized, skipping
Refreshing native plugins compatible for Editor in 0.47 ms, found 0 plugins.
Preloading 0 native plugins for Editor in 0.00 ms.
Unloading 1148 Unused Serialized files (Serialized files now loaded: 0)
System memory in use before: 61.4 MB.
System memory in use after: 61.5 MB.

Unloading 4 unused Assets to reduce memory usage. Loaded Objects now: 1624.
Total: 4.258000 ms (FindLiveObjects: 0.262700 ms CreateObjectMapping: 0.095100 ms MarkObjects: 3.826500 ms  DeleteObjects: 0.071200 ms)

========================================================================
Received Import Request.
  Time since last request: 873.960422 seconds.
  path: Assets/Prefabs/Projectile.prefab
  artifactKey: Guid(d0f8f80aa78e4564998f8463f69db0bb) Importer(815301076,1909f56bfc062723c751e8b465ee728b)
Start importing Assets/Prefabs/Projectile.prefab using Guid(d0f8f80aa78e4564998f8463f69db0bb) Importer(815301076,1909f56bfc062723c751e8b465ee728b)  -> (artifact id: 'c9c8efdee311767a8928f7b6c2e473b7') in 0.114712 seconds
  Import took 0.119045 seconds .

========================================================================
Received Import Request.
  Time since last request: 2.244093 seconds.
  path: Assets/Prefabs/Projectile.prefab
  artifactKey: Guid(d0f8f80aa78e4564998f8463f69db0bb) Importer(815301076,1909f56bfc062723c751e8b465ee728b)
Start importing Assets/Prefabs/Projectile.prefab using Guid(d0f8f80aa78e4564998f8463f69db0bb) Importer(815301076,1909f56bfc062723c751e8b465ee728b)  -> (artifact id: 'f7551f33aa4aeb25f9e7044b5c14b7e5') in 0.014927 seconds
  Import took 0.018803 seconds .

========================================================================
Received Prepare
Registering precompiled user dll's ...
Registered in 0.001320 seconds.
Begin MonoManager ReloadAssembly
Native extension for WindowsStandalone target not found
Refreshing native plugins compatible for Editor in 0.36 ms, found 0 plugins.
Preloading 0 native plugins for Editor in 0.00 ms.
Invoked RoslynAnalysisRunner static constructor.
RoslynAnalysisRunner will not be running.
RoslynAnalysisRunner has terminated.
Mono: successfully reloaded assembly
- Completed reload, in  1.521 seconds
Platform modules already initialized, skipping
Refreshing native plugins compatible for Editor in 0.42 ms, found 0 plugins.
Preloading 0 native plugins for Editor in 0.00 ms.
Unloading 1148 Unused Serialized files (Serialized files now loaded: 0)
System memory in use before: 61.4 MB.
System memory in use after: 61.5 MB.

Unloading 4 unused Assets to reduce memory usage. Loaded Objects now: 1628.
Total: 2.893500 ms (FindLiveObjects: 0.234600 ms CreateObjectMapping: 0.072100 ms MarkObjects: 2.555800 ms  DeleteObjects: 0.028500 ms)

========================================================================
Received Import Request.
  Time since last request: 490.847550 seconds.
  path: Assets/OldVersionStaff/Weapon.cs
  artifactKey: Guid(fda67fa66f9264849a357c351dc33e81) Importer(815301076,1909f56bfc062723c751e8b465ee728b)
Start importing Assets/OldVersionStaff/Weapon.cs using Guid(fda67fa66f9264849a357c351dc33e81) Importer(815301076,1909f56bfc062723c751e8b465ee728b)  -> (artifact id: 'e8ba19dc4face00b88f5323bf15ac4b6') in 0.027304 seconds
  Import took 0.032691 seconds .

========================================================================
Received Import Request.
  Time since last request: 0.003009 seconds.
  path: Assets/OldVersionStaff/Weapon.cs
  artifactKey: Guid(fda67fa66f9264849a357c351dc33e81) Importer(815301076,1909f56bfc062723c751e8b465ee728b)
Start importing Assets/OldVersionStaff/Weapon.cs using Guid(fda67fa66f9264849a357c351dc33e81) Importer(815301076,1909f56bfc062723c751e8b465ee728b)  -> (artifact id: 'e8ba19dc4face00b88f5323bf15ac4b6') in 0.004822 seconds
  Import took 0.009227 seconds .

========================================================================
Received Prepare
Registering precompiled user dll's ...
Registered in 0.001218 seconds.
Begin MonoManager ReloadAssembly
Native extension for WindowsStandalone target not found
Refreshing native plugins compatible for Editor in 0.33 ms, found 0 plugins.
Preloading 0 native plugins for Editor in 0.00 ms.
Invoked RoslynAnalysisRunner static constructor.
RoslynAnalysisRunner will not be running.
RoslynAnalysisRunner has terminated.
Mono: successfully reloaded assembly
- Completed reload, in  1.608 seconds
Platform modules already initialized, skipping
Refreshing native plugins compatible for Editor in 0.42 ms, found 0 plugins.
Preloading 0 native plugins for Editor in 0.00 ms.
Unloading 1148 Unused Serialized files (Serialized files now loaded: 0)
System memory in use before: 61.4 MB.
System memory in use after: 61.5 MB.

Unloading 4 unused Assets to reduce memory usage. Loaded Objects now: 1631.
Total: 3.159400 ms (FindLiveObjects: 0.211200 ms CreateObjectMapping: 0.061300 ms MarkObjects: 2.845500 ms  DeleteObjects: 0.038700 ms)

========================================================================
Received Import Request.
  Time since last request: 962.809986 seconds.
  path: Assets/Scripts/Item_SO.cs
  artifactKey: Guid(e2a4b34fc22e42248b2f72a951b49d8c) Importer(815301076,1909f56bfc062723c751e8b465ee728b)
Start importing Assets/Scripts/Item_SO.cs using Guid(e2a4b34fc22e42248b2f72a951b49d8c) Importer(815301076,1909f56bfc062723c751e8b465ee728b)  -> (artifact id: '0d2b77e7a1ae6637ddb2f7417c18ef7a') in 0.025876 seconds
  Import took 0.030383 seconds .

========================================================================
Received Import Request.
  Time since last request: 0.003615 seconds.
  path: Assets/Scripts/Item_SO.cs
  artifactKey: Guid(e2a4b34fc22e42248b2f72a951b49d8c) Importer(815301076,1909f56bfc062723c751e8b465ee728b)
Start importing Assets/Scripts/Item_SO.cs using Guid(e2a4b34fc22e42248b2f72a951b49d8c) Importer(815301076,1909f56bfc062723c751e8b465ee728b)  -> (artifact id: '0d2b77e7a1ae6637ddb2f7417c18ef7a') in 0.005369 seconds
  Import took 0.011258 seconds .

========================================================================
Received Prepare
Registering precompiled user dll's ...
Registered in 0.001308 seconds.
Begin MonoManager ReloadAssembly
Native extension for WindowsStandalone target not found
Refreshing native plugins compatible for Editor in 0.39 ms, found 0 plugins.
Preloading 0 native plugins for Editor in 0.00 ms.
Invoked RoslynAnalysisRunner static constructor.
RoslynAnalysisRunner will not be running.
RoslynAnalysisRunner has terminated.
Mono: successfully reloaded assembly
- Completed reload, in  1.621 seconds
Platform modules already initialized, skipping
Refreshing native plugins compatible for Editor in 0.42 ms, found 0 plugins.
Preloading 0 native plugins for Editor in 0.00 ms.
Unloading 1149 Unused Serialized files (Serialized files now loaded: 0)
System memory in use before: 61.4 MB.
System memory in use after: 61.5 MB.

Unloading 4 unused Assets to reduce memory usage. Loaded Objects now: 1635.
Total: 2.906600 ms (FindLiveObjects: 0.215400 ms CreateObjectMapping: 0.068500 ms MarkObjects: 2.543900 ms  DeleteObjects: 0.076600 ms)

========================================================================
Received Prepare
Registering precompiled user dll's ...
Registered in 0.001365 seconds.
Begin MonoManager ReloadAssembly
Native extension for WindowsStandalone target not found
Refreshing native plugins compatible for Editor in 0.36 ms, found 0 plugins.
Preloading 0 native plugins for Editor in 0.00 ms.
Invoked RoslynAnalysisRunner static constructor.
RoslynAnalysisRunner will not be running.
RoslynAnalysisRunner has terminated.
Mono: successfully reloaded assembly
- Completed reload, in  1.601 seconds
Platform modules already initialized, skipping
Refreshing native plugins compatible for Editor in 0.34 ms, found 0 plugins.
Preloading 0 native plugins for Editor in 0.00 ms.
Unloading 1149 Unused Serialized files (Serialized files now loaded: 0)
System memory in use before: 61.5 MB.
System memory in use after: 61.5 MB.

Unloading 4 unused Assets to reduce memory usage. Loaded Objects now: 1638.
Total: 2.209700 ms (FindLiveObjects: 0.198400 ms CreateObjectMapping: 0.062500 ms MarkObjects: 1.885800 ms  DeleteObjects: 0.061200 ms)

========================================================================
Received Prepare
Registering precompiled user dll's ...
Registered in 0.001544 seconds.
Begin MonoManager ReloadAssembly
Native extension for WindowsStandalone target not found
Refreshing native plugins compatible for Editor in 0.32 ms, found 0 plugins.
Preloading 0 native plugins for Editor in 0.00 ms.
Invoked RoslynAnalysisRunner static constructor.
RoslynAnalysisRunner will not be running.
RoslynAnalysisRunner has terminated.
Mono: successfully reloaded assembly
- Completed reload, in  1.647 seconds
Platform modules already initialized, skipping
Refreshing native plugins compatible for Editor in 0.45 ms, found 0 plugins.
Preloading 0 native plugins for Editor in 0.00 ms.
Unloading 1148 Unused Serialized files (Serialized files now loaded: 0)
System memory in use before: 61.4 MB.
System memory in use after: 61.5 MB.

Unloading 4 unused Assets to reduce memory usage. Loaded Objects now: 1641.
Total: 3.020000 ms (FindLiveObjects: 0.250700 ms CreateObjectMapping: 0.109900 ms MarkObjects: 2.621400 ms  DeleteObjects: 0.034300 ms)

========================================================================
Received Import Request.
  Time since last request: 604.706249 seconds.
  path: Assets/Scripts/Weapon_SO.cs
  artifactKey: Guid(9048206720efa7f42b28512a44dc9192) Importer(815301076,1909f56bfc062723c751e8b465ee728b)
Start importing Assets/Scripts/Weapon_SO.cs using Guid(9048206720efa7f42b28512a44dc9192) Importer(815301076,1909f56bfc062723c751e8b465ee728b)  -> (artifact id: 'e03feac78ec408b1479ce80dbe4e811d') in 0.021393 seconds
  Import took 0.034230 seconds .

========================================================================
Received Import Request.
  Time since last request: 0.014817 seconds.
  path: Assets/Scripts/Weapon_SO.cs
  artifactKey: Guid(9048206720efa7f42b28512a44dc9192) Importer(815301076,1909f56bfc062723c751e8b465ee728b)
Start importing Assets/Scripts/Weapon_SO.cs using Guid(9048206720efa7f42b28512a44dc9192) Importer(815301076,1909f56bfc062723c751e8b465ee728b)  -> (artifact id: 'e03feac78ec408b1479ce80dbe4e811d') in 0.005184 seconds
  Import took 0.010999 seconds .

========================================================================
Received Prepare
Registering precompiled user dll's ...
Registered in 0.001088 seconds.
Begin MonoManager ReloadAssembly
Native extension for WindowsStandalone target not found
Refreshing native plugins compatible for Editor in 0.37 ms, found 0 plugins.
Preloading 0 native plugins for Editor in 0.00 ms.
Invoked RoslynAnalysisRunner static constructor.
RoslynAnalysisRunner will not be running.
RoslynAnalysisRunner has terminated.
Mono: successfully reloaded assembly
- Completed reload, in  1.599 seconds
Platform modules already initialized, skipping
Refreshing native plugins compatible for Editor in 0.43 ms, found 0 plugins.
Preloading 0 native plugins for Editor in 0.00 ms.
Unloading 1149 Unused Serialized files (Serialized files now loaded: 0)
System memory in use before: 61.5 MB.
System memory in use after: 61.6 MB.

Unloading 4 unused Assets to reduce memory usage. Loaded Objects now: 1645.
Total: 2.711100 ms (FindLiveObjects: 0.244000 ms CreateObjectMapping: 0.059100 ms MarkObjects: 2.323700 ms  DeleteObjects: 0.083000 ms)

========================================================================
Received Import Request.
  Time since last request: 146.920738 seconds.
  path: Assets/Scripts/Weapon_SO.cs
  artifactKey: Guid(9048206720efa7f42b28512a44dc9192) Importer(815301076,1909f56bfc062723c751e8b465ee728b)
Start importing Assets/Scripts/Weapon_SO.cs using Guid(9048206720efa7f42b28512a44dc9192) Importer(815301076,1909f56bfc062723c751e8b465ee728b)  -> (artifact id: 'a0672cc8212bc31b5141cbed2192b5bd') in 0.009346 seconds
  Import took 0.014638 seconds .

========================================================================
Received Import Request.
  Time since last request: 12.874192 seconds.
  path: Assets/OldVersionStaff/Scripts/Enemy_2.cs
  artifactKey: Guid(cac2ccc5ac351d84da0bebeecead7310) Importer(815301076,1909f56bfc062723c751e8b465ee728b)
Start importing Assets/OldVersionStaff/Scripts/Enemy_2.cs using Guid(cac2ccc5ac351d84da0bebeecead7310) Importer(815301076,1909f56bfc062723c751e8b465ee728b)  -> (artifact id: '5be4c97169a9dc182cde8cd20e8e85d5') in 0.022185 seconds
  Import took 0.033624 seconds .

========================================================================
Received Import Request.
  Time since last request: 0.002867 seconds.
  path: Assets/OldVersionStaff/Scripts/Enemy_2.cs
  artifactKey: Guid(cac2ccc5ac351d84da0bebeecead7310) Importer(815301076,1909f56bfc062723c751e8b465ee728b)
Start importing Assets/OldVersionStaff/Scripts/Enemy_2.cs using Guid(cac2ccc5ac351d84da0bebeecead7310) Importer(815301076,1909f56bfc062723c751e8b465ee728b)  -> (artifact id: '5be4c97169a9dc182cde8cd20e8e85d5') in 0.005365 seconds
  Import took 0.009701 seconds .

========================================================================
Received Import Request.
  Time since last request: 7.188150 seconds.
  path: Assets/Scripts/Temp/WeaponController.cs
  artifactKey: Guid(2b50ea2dadb40c64f9bf845193ebeb0f) Importer(815301076,1909f56bfc062723c751e8b465ee728b)
Start importing Assets/Scripts/Temp/WeaponController.cs using Guid(2b50ea2dadb40c64f9bf845193ebeb0f) Importer(815301076,1909f56bfc062723c751e8b465ee728b)  -> (artifact id: '0b5016de9faeaf012b078a116cbbaaad') in 0.021789 seconds
  Import took 0.026824 seconds .

========================================================================
Received Import Request.
  Time since last request: 286.272335 seconds.
  path: Assets/OldVersionStaff/Prefabs/PowerUp 1.prefab
  artifactKey: Guid(7ff439a5dab06ce41b7cb918d6b8a01f) Importer(815301076,1909f56bfc062723c751e8b465ee728b)
Start importing Assets/OldVersionStaff/Prefabs/PowerUp 1.prefab using Guid(7ff439a5dab06ce41b7cb918d6b8a01f) Importer(815301076,1909f56bfc062723c751e8b465ee728b)  -> (artifact id: '134e3a1740ee0adae59410fc6d3f90cd') in 0.152991 seconds
  Import took 0.157835 seconds .

========================================================================
Received Import Request.
  Time since last request: 14.170066 seconds.
  path: Assets/OldVersionStaff/Prefabs/PowerUp.prefab
  artifactKey: Guid(efe18d929db65964fa35b92e2b6fab2e) Importer(815301076,1909f56bfc062723c751e8b465ee728b)
Start importing Assets/OldVersionStaff/Prefabs/PowerUp.prefab using Guid(efe18d929db65964fa35b92e2b6fab2e) Importer(815301076,1909f56bfc062723c751e8b465ee728b)  -> (artifact id: 'b1ff965c7f108df30ff4ea0af08717dc') in 0.012717 seconds
  Import took 0.017009 seconds .

========================================================================
Received Prepare
Registering precompiled user dll's ...
Registered in 0.001276 seconds.
Begin MonoManager ReloadAssembly
Native extension for WindowsStandalone target not found
Refreshing native plugins compatible for Editor in 0.55 ms, found 0 plugins.
Preloading 0 native plugins for Editor in 0.00 ms.
Invoked RoslynAnalysisRunner static constructor.
RoslynAnalysisRunner will not be running.
RoslynAnalysisRunner has terminated.
Mono: successfully reloaded assembly
- Completed reload, in  1.622 seconds
Platform modules already initialized, skipping
Refreshing native plugins compatible for Editor in 0.39 ms, found 0 plugins.
Preloading 0 native plugins for Editor in 0.00 ms.
Unloading 1127 Unused Serialized files (Serialized files now loaded: 0)
System memory in use before: 61.0 MB.
System memory in use after: 61.1 MB.

Unloading 4 unused Assets to reduce memory usage. Loaded Objects now: 1649.
Total: 4.175100 ms (FindLiveObjects: 0.320600 ms CreateObjectMapping: 0.065600 ms MarkObjects: 3.740200 ms  DeleteObjects: 0.046000 ms)

========================================================================
Received Import Request.
  Time since last request: 25.464852 seconds.
  path: Assets/UI_WeaponStatus.prefab
  artifactKey: Guid(44f5e42c61994f14980306f6face5b4a) Importer(815301076,1909f56bfc062723c751e8b465ee728b)
Start importing Assets/UI_WeaponStatus.prefab using Guid(44f5e42c61994f14980306f6face5b4a) Importer(815301076,1909f56bfc062723c751e8b465ee728b)  -> (artifact id: '115f0a90a18d1f4fd5e1244b7173ce6b') in 0.060773 seconds
  Import took 0.073300 seconds .

========================================================================
Received Import Request.
  Time since last request: 0.000644 seconds.
  path: Assets/Enemy_2.prefab
  artifactKey: Guid(51a4af612f8e7864dab5e57558eaa37e) Importer(815301076,1909f56bfc062723c751e8b465ee728b)
Start importing Assets/Enemy_2.prefab using Guid(51a4af612f8e7864dab5e57558eaa37e) Importer(815301076,1909f56bfc062723c751e8b465ee728b)  -> (artifact id: '7fd0f055f5abc3e6bcf00087878fb6e0') in 0.109143 seconds
  Import took 0.114228 seconds .

========================================================================
Received Import Request.
  Time since last request: 0.000442 seconds.
  path: Assets/Enemy_4.prefab
  artifactKey: Guid(f6af31936f26f4c4bbdb95587f920a65) Importer(815301076,1909f56bfc062723c751e8b465ee728b)
Start importing Assets/Enemy_4.prefab using Guid(f6af31936f26f4c4bbdb95587f920a65) Importer(815301076,1909f56bfc062723c751e8b465ee728b)  -> (artifact id: 'a3a0d1427eb864b4e1af6bc8d864a446') in 0.036840 seconds
  Import took 0.042708 seconds .

========================================================================
Received Import Request.
  Time since last request: 0.000501 seconds.
  path: Assets/UI_Statistic.prefab
  artifactKey: Guid(d691f8f799271b34eb8800b3f7078777) Importer(815301076,1909f56bfc062723c751e8b465ee728b)
Start importing Assets/UI_Statistic.prefab using Guid(d691f8f799271b34eb8800b3f7078777) Importer(815301076,1909f56bfc062723c751e8b465ee728b)  -> (artifact id: '42b691d7ab29c40f956cc600cc261bd7') in 0.032526 seconds
  Import took 0.038968 seconds .

========================================================================
Received Import Request.
  Time since last request: 0.000499 seconds.
  path: Assets/Enemy_3.prefab
  artifactKey: Guid(5ad369b83b367864ca05c1df45828945) Importer(815301076,1909f56bfc062723c751e8b465ee728b)
Start importing Assets/Enemy_3.prefab using Guid(5ad369b83b367864ca05c1df45828945) Importer(815301076,1909f56bfc062723c751e8b465ee728b)  -> (artifact id: '2088f25bc1a260d9edd4b1041aa17882') in 0.034659 seconds
  Import took 0.040586 seconds .

========================================================================
Received Import Request.
  Time since last request: 0.000503 seconds.
  path: Assets/PowerUp 1.prefab
  artifactKey: Guid(7ff439a5dab06ce41b7cb918d6b8a01f) Importer(815301076,1909f56bfc062723c751e8b465ee728b)
Start importing Assets/PowerUp 1.prefab using Guid(7ff439a5dab06ce41b7cb918d6b8a01f) Importer(815301076,1909f56bfc062723c751e8b465ee728b)  -> (artifact id: '330abfc7e19e60db60fab117ccadfde0') in 0.018790 seconds
  Import took 0.030790 seconds .

========================================================================
Received Import Request.
  Time since last request: 0.000469 seconds.
  path: Assets/UI_ShipStatus.prefab
  artifactKey: Guid(59c6c05015eb7634d946c91122f44ef2) Importer(815301076,1909f56bfc062723c751e8b465ee728b)
Start importing Assets/UI_ShipStatus.prefab using Guid(59c6c05015eb7634d946c91122f44ef2) Importer(815301076,1909f56bfc062723c751e8b465ee728b)  -> (artifact id: 'bd22f8702c2a6fefce6c82a2dc45185d') in 0.027864 seconds
  Import took 0.033634 seconds .

========================================================================
Received Import Request.
  Time since last request: 0.000505 seconds.
  path: Assets/Enemy_1.prefab
  artifactKey: Guid(48f05e14983f91b4c8095afd2c019469) Importer(815301076,1909f56bfc062723c751e8b465ee728b)
Start importing Assets/Enemy_1.prefab using Guid(48f05e14983f91b4c8095afd2c019469) Importer(815301076,1909f56bfc062723c751e8b465ee728b)  -> (artifact id: '2501c2cb0745a74ade990662165a3050') in 0.034763 seconds
  Import took 0.039401 seconds .

========================================================================
Received Import Request.
  Time since last request: 0.000395 seconds.
  path: Assets/Enemy_0.prefab
  artifactKey: Guid(dcc40b3ee055f7f41981c952a4944f51) Importer(815301076,1909f56bfc062723c751e8b465ee728b)
Start importing Assets/Enemy_0.prefab using Guid(dcc40b3ee055f7f41981c952a4944f51) Importer(815301076,1909f56bfc062723c751e8b465ee728b)  -> (artifact id: 'a23bc42b68bc342823b42ac3fc14f612') in 0.037290 seconds
  Import took 0.043627 seconds .

========================================================================
Received Prepare
Registering precompiled user dll's ...
Registered in 0.001254 seconds.
Begin MonoManager ReloadAssembly
Native extension for WindowsStandalone target not found
Refreshing native plugins compatible for Editor in 0.35 ms, found 0 plugins.
Preloading 0 native plugins for Editor in 0.00 ms.
Invoked RoslynAnalysisRunner static constructor.
RoslynAnalysisRunner will not be running.
RoslynAnalysisRunner has terminated.
Mono: successfully reloaded assembly
- Completed reload, in  1.581 seconds
Platform modules already initialized, skipping
Refreshing native plugins compatible for Editor in 0.51 ms, found 0 plugins.
Preloading 0 native plugins for Editor in 0.00 ms.
Unloading 1127 Unused Serialized files (Serialized files now loaded: 0)
System memory in use before: 61.0 MB.
System memory in use after: 61.1 MB.

Unloading 5 unused Assets to reduce memory usage. Loaded Objects now: 1653.
Total: 3.109800 ms (FindLiveObjects: 0.368800 ms CreateObjectMapping: 0.145600 ms MarkObjects: 2.552200 ms  DeleteObjects: 0.041000 ms)

========================================================================
Received Prepare
Registering precompiled user dll's ...
Registered in 0.001122 seconds.
Begin MonoManager ReloadAssembly
Native extension for WindowsStandalone target not found
Refreshing native plugins compatible for Editor in 0.37 ms, found 0 plugins.
Preloading 0 native plugins for Editor in 0.00 ms.
Invoked RoslynAnalysisRunner static constructor.
RoslynAnalysisRunner will not be running.
RoslynAnalysisRunner has terminated.
Mono: successfully reloaded assembly
- Completed reload, in  1.662 seconds
Platform modules already initialized, skipping
Refreshing native plugins compatible for Editor in 0.40 ms, found 0 plugins.
Preloading 0 native plugins for Editor in 0.00 ms.
Unloading 1128 Unused Serialized files (Serialized files now loaded: 0)
System memory in use before: 61.1 MB.
System memory in use after: 61.2 MB.

Unloading 4 unused Assets to reduce memory usage. Loaded Objects now: 1656.
Total: 3.023000 ms (FindLiveObjects: 0.272800 ms CreateObjectMapping: 0.063300 ms MarkObjects: 2.643300 ms  DeleteObjects: 0.036500 ms)

========================================================================
Received Prepare
Registering precompiled user dll's ...
Registered in 0.001635 seconds.
Begin MonoManager ReloadAssembly
Native extension for WindowsStandalone target not found
Refreshing native plugins compatible for Editor in 0.33 ms, found 0 plugins.
Preloading 0 native plugins for Editor in 0.00 ms.
Invoked RoslynAnalysisRunner static constructor.
RoslynAnalysisRunner will not be running.
RoslynAnalysisRunner has terminated.
Mono: successfully reloaded assembly
- Completed reload, in  1.613 seconds
Platform modules already initialized, skipping
Refreshing native plugins compatible for Editor in 0.42 ms, found 0 plugins.
Preloading 0 native plugins for Editor in 0.00 ms.
Unloading 1128 Unused Serialized files (Serialized files now loaded: 0)
System memory in use before: 61.1 MB.
System memory in use after: 61.2 MB.

Unloading 4 unused Assets to reduce memory usage. Loaded Objects now: 1659.
Total: 3.159700 ms (FindLiveObjects: 0.383800 ms CreateObjectMapping: 0.060700 ms MarkObjects: 2.686100 ms  DeleteObjects: 0.026500 ms)

========================================================================
Received Import Request.
  Time since last request: 609.458828 seconds.
  path: Assets/Scripts/Item_SO.cs
  artifactKey: Guid(e2a4b34fc22e42248b2f72a951b49d8c) Importer(815301076,1909f56bfc062723c751e8b465ee728b)
Start importing Assets/Scripts/Item_SO.cs using Guid(e2a4b34fc22e42248b2f72a951b49d8c) Importer(815301076,1909f56bfc062723c751e8b465ee728b)  -> (artifact id: '6d4aff8ff334abc163c391d09ee7a0d1') in 0.008797 seconds
  Import took 0.020640 seconds .

========================================================================
Received Prepare
Registering precompiled user dll's ...
Registered in 0.001094 seconds.
Begin MonoManager ReloadAssembly
Native extension for WindowsStandalone target not found
Refreshing native plugins compatible for Editor in 0.35 ms, found 0 plugins.
Preloading 0 native plugins for Editor in 0.00 ms.
Invoked RoslynAnalysisRunner static constructor.
RoslynAnalysisRunner will not be running.
RoslynAnalysisRunner has terminated.
Mono: successfully reloaded assembly
- Completed reload, in  1.537 seconds
Platform modules already initialized, skipping
Refreshing native plugins compatible for Editor in 0.34 ms, found 0 plugins.
Preloading 0 native plugins for Editor in 0.00 ms.
Unloading 1128 Unused Serialized files (Serialized files now loaded: 0)
System memory in use before: 61.1 MB.
System memory in use after: 61.2 MB.

Unloading 4 unused Assets to reduce memory usage. Loaded Objects now: 1662.
Total: 2.813100 ms (FindLiveObjects: 0.207400 ms CreateObjectMapping: 0.095200 ms MarkObjects: 2.354000 ms  DeleteObjects: 0.154700 ms)

========================================================================
Received Import Request.
  Time since last request: 51.648177 seconds.
  path: Assets/Scripts/NewItem.asset
  artifactKey: Guid(d3542a50ae0080e4abaff9ad79008d81) Importer(815301076,1909f56bfc062723c751e8b465ee728b)
Start importing Assets/Scripts/NewItem.asset using Guid(d3542a50ae0080e4abaff9ad79008d81) Importer(815301076,1909f56bfc062723c751e8b465ee728b)  -> (artifact id: 'b500e25d2baea7fff46118a185b2b2a8') in 0.039880 seconds
  Import took 0.043971 seconds .

========================================================================
Received Import Request.
  Time since last request: 26.721382 seconds.
  path: Assets/Scripts/ShieldItem.asset
  artifactKey: Guid(d3542a50ae0080e4abaff9ad79008d81) Importer(815301076,1909f56bfc062723c751e8b465ee728b)
Start importing Assets/Scripts/ShieldItem.asset using Guid(d3542a50ae0080e4abaff9ad79008d81) Importer(815301076,1909f56bfc062723c751e8b465ee728b)  -> (artifact id: 'e1b8f20453911823c9160ea681e9e18e') in 0.016921 seconds
  Import took 0.021484 seconds .

========================================================================
Received Import Request.
  Time since last request: 7.511448 seconds.
  path: Assets/Scripts/ItemShield.asset
  artifactKey: Guid(d3542a50ae0080e4abaff9ad79008d81) Importer(815301076,1909f56bfc062723c751e8b465ee728b)
Start importing Assets/Scripts/ItemShield.asset using Guid(d3542a50ae0080e4abaff9ad79008d81) Importer(815301076,1909f56bfc062723c751e8b465ee728b)  -> (artifact id: '453c81d949b246764e962ed0a72ba0f8') in 0.019617 seconds
  Import took 0.031361 seconds .

========================================================================
Received Import Request.
  Time since last request: 11.696014 seconds.
  path: Assets/Scripts/ItemBlaster.asset
  artifactKey: Guid(3419771c99e10484f84c5159c337bf93) Importer(815301076,1909f56bfc062723c751e8b465ee728b)
Start importing Assets/Scripts/ItemBlaster.asset using Guid(3419771c99e10484f84c5159c337bf93) Importer(815301076,1909f56bfc062723c751e8b465ee728b)  -> (artifact id: 'b7e541f9df505cb3660ec76a3a77416f') in 0.022979 seconds
  Import took 0.034680 seconds .

========================================================================
Received Import Request.
  Time since last request: 0.001997 seconds.
  path: Assets/Scripts/ItemBlaster.asset
  artifactKey: Guid(3419771c99e10484f84c5159c337bf93) Importer(815301076,1909f56bfc062723c751e8b465ee728b)
Start importing Assets/Scripts/ItemBlaster.asset using Guid(3419771c99e10484f84c5159c337bf93) Importer(815301076,1909f56bfc062723c751e8b465ee728b)  -> (artifact id: 'b7e541f9df505cb3660ec76a3a77416f') in 0.005413 seconds
  Import took 0.009392 seconds .

========================================================================
Received Prepare
Registering precompiled user dll's ...
Registered in 0.001443 seconds.
Begin MonoManager ReloadAssembly
Native extension for WindowsStandalone target not found
Refreshing native plugins compatible for Editor in 0.31 ms, found 0 plugins.
Preloading 0 native plugins for Editor in 0.00 ms.
Invoked RoslynAnalysisRunner static constructor.
RoslynAnalysisRunner will not be running.
RoslynAnalysisRunner has terminated.
Mono: successfully reloaded assembly
- Completed reload, in  1.658 seconds
Platform modules already initialized, skipping
Refreshing native plugins compatible for Editor in 0.42 ms, found 0 plugins.
Preloading 0 native plugins for Editor in 0.00 ms.
Unloading 1128 Unused Serialized files (Serialized files now loaded: 0)
System memory in use before: 61.1 MB.
System memory in use after: 61.2 MB.

Unloading 4 unused Assets to reduce memory usage. Loaded Objects now: 1665.
Total: 2.933900 ms (FindLiveObjects: 0.268100 ms CreateObjectMapping: 0.058000 ms MarkObjects: 2.576900 ms  DeleteObjects: 0.029000 ms)

========================================================================
Received Import Request.
  Time since last request: 76.711105 seconds.
  path: Assets/Scripts/ItemBlaster.asset
  artifactKey: Guid(3419771c99e10484f84c5159c337bf93) Importer(815301076,1909f56bfc062723c751e8b465ee728b)
Start importing Assets/Scripts/ItemBlaster.asset using Guid(3419771c99e10484f84c5159c337bf93) Importer(815301076,1909f56bfc062723c751e8b465ee728b)  -> (artifact id: '727ca1e2f60be5fe76113a080d86ecf1') in 0.023552 seconds
  Import took 0.029487 seconds .

========================================================================
Received Import Request.
  Time since last request: 0.000303 seconds.
  path: Assets/Scripts/ItemShield.asset
  artifactKey: Guid(d3542a50ae0080e4abaff9ad79008d81) Importer(815301076,1909f56bfc062723c751e8b465ee728b)
Start importing Assets/Scripts/ItemShield.asset using Guid(d3542a50ae0080e4abaff9ad79008d81) Importer(815301076,1909f56bfc062723c751e8b465ee728b)  -> (artifact id: 'dc691f46d481634b09bea7c5bf280c7c') in 0.007287 seconds
  Import took 0.011421 seconds .

========================================================================
Received Prepare
Registering precompiled user dll's ...
Registered in 0.000845 seconds.
Begin MonoManager ReloadAssembly
Native extension for WindowsStandalone target not found
Refreshing native plugins compatible for Editor in 0.39 ms, found 0 plugins.
Preloading 0 native plugins for Editor in 0.00 ms.
Invoked RoslynAnalysisRunner static constructor.
RoslynAnalysisRunner will not be running.
RoslynAnalysisRunner has terminated.
Mono: successfully reloaded assembly
- Completed reload, in  1.678 seconds
Platform modules already initialized, skipping
Refreshing native plugins compatible for Editor in 0.47 ms, found 0 plugins.
Preloading 0 native plugins for Editor in 0.00 ms.
Unloading 1128 Unused Serialized files (Serialized files now loaded: 0)
System memory in use before: 61.1 MB.
System memory in use after: 61.2 MB.

Unloading 4 unused Assets to reduce memory usage. Loaded Objects now: 1668.
Total: 3.324200 ms (FindLiveObjects: 0.359200 ms CreateObjectMapping: 0.129300 ms MarkObjects: 2.781900 ms  DeleteObjects: 0.051000 ms)

========================================================================
Received Prepare
Registering precompiled user dll's ...
Registered in 0.001218 seconds.
Begin MonoManager ReloadAssembly
Native extension for WindowsStandalone target not found
Refreshing native plugins compatible for Editor in 0.34 ms, found 0 plugins.
Preloading 0 native plugins for Editor in 0.00 ms.
Invoked RoslynAnalysisRunner static constructor.
RoslynAnalysisRunner will not be running.
RoslynAnalysisRunner has terminated.
Mono: successfully reloaded assembly
- Completed reload, in  1.631 seconds
Platform modules already initialized, skipping
Refreshing native plugins compatible for Editor in 0.43 ms, found 0 plugins.
Preloading 0 native plugins for Editor in 0.00 ms.
Unloading 1128 Unused Serialized files (Serialized files now loaded: 0)
System memory in use before: 61.1 MB.
System memory in use after: 61.2 MB.

Unloading 4 unused Assets to reduce memory usage. Loaded Objects now: 1671.
Total: 3.108700 ms (FindLiveObjects: 0.466100 ms CreateObjectMapping: 0.075300 ms MarkObjects: 2.466500 ms  DeleteObjects: 0.099300 ms)

========================================================================
Received Import Request.
  Time since last request: 657.126844 seconds.
  path: Assets/Scripts/Temp/WeaponController.cs
  artifactKey: Guid(2b50ea2dadb40c64f9bf845193ebeb0f) Importer(815301076,1909f56bfc062723c751e8b465ee728b)
Start importing Assets/Scripts/Temp/WeaponController.cs using Guid(2b50ea2dadb40c64f9bf845193ebeb0f) Importer(815301076,1909f56bfc062723c751e8b465ee728b)  -> (artifact id: '780f84e38983bdb5f250cf4a235f9140') in 0.022420 seconds
  Import took 0.034390 seconds .

========================================================================
Received Import Request.
  Time since last request: 0.003183 seconds.
  path: Assets/Scripts/Temp/WeaponController.cs
  artifactKey: Guid(2b50ea2dadb40c64f9bf845193ebeb0f) Importer(815301076,1909f56bfc062723c751e8b465ee728b)
Start importing Assets/Scripts/Temp/WeaponController.cs using Guid(2b50ea2dadb40c64f9bf845193ebeb0f) Importer(815301076,1909f56bfc062723c751e8b465ee728b)  -> (artifact id: '780f84e38983bdb5f250cf4a235f9140') in 0.005091 seconds
  Import took 0.009878 seconds .

========================================================================
Received Import Request.
  Time since last request: 1737.378913 seconds.
  path: Assets/Scripts/Temp/WeaponController.cs
  artifactKey: Guid(2b50ea2dadb40c64f9bf845193ebeb0f) Importer(815301076,1909f56bfc062723c751e8b465ee728b)
Start importing Assets/Scripts/Temp/WeaponController.cs using Guid(2b50ea2dadb40c64f9bf845193ebeb0f) Importer(815301076,1909f56bfc062723c751e8b465ee728b)  -> (artifact id: '026fcbda581b5481cbce0b0a8f3e8c63') in 0.013388 seconds
  Import took 0.018859 seconds .

========================================================================
Received Import Request.
  Time since last request: 7.236735 seconds.
  path: ProjectSettings/TagManager.asset
  artifactKey: Guid(00000000000000003000000000000000) Importer(815301076,1909f56bfc062723c751e8b465ee728b)
Start importing ProjectSettings/TagManager.asset using Guid(00000000000000003000000000000000) Importer(815301076,1909f56bfc062723c751e8b465ee728b)  -> (artifact id: '3d31b1549034848746348c57f2d57a8a') in 0.030191 seconds
  Import took 0.035195 seconds .

========================================================================
Received Import Request.
  Time since last request: 0.003754 seconds.
  path: ProjectSettings/TagManager.asset
  artifactKey: Guid(00000000000000003000000000000000) Importer(815301076,1909f56bfc062723c751e8b465ee728b)
Start importing ProjectSettings/TagManager.asset using Guid(00000000000000003000000000000000) Importer(815301076,1909f56bfc062723c751e8b465ee728b)  -> (artifact id: '3d31b1549034848746348c57f2d57a8a') in 0.007652 seconds
  Import took 0.012734 seconds .

========================================================================
Received Import Request.
  Time since last request: 199.556144 seconds.
  path: Assets/Scripts/Temp/ProjectileController.cs
  artifactKey: Guid(73b30daa26020bb499fd53e4f33cce8f) Importer(815301076,1909f56bfc062723c751e8b465ee728b)
Start importing Assets/Scripts/Temp/ProjectileController.cs using Guid(73b30daa26020bb499fd53e4f33cce8f) Importer(815301076,1909f56bfc062723c751e8b465ee728b)  -> (artifact id: 'c3956364729c79291bba35b723b4e4e1') in 0.014131 seconds
  Import took 0.017956 seconds .

========================================================================
Received Import Request.
  Time since last request: 0.002126 seconds.
  path: Assets/Scripts/Temp/ProjectileController.cs
  artifactKey: Guid(73b30daa26020bb499fd53e4f33cce8f) Importer(815301076,1909f56bfc062723c751e8b465ee728b)
Start importing Assets/Scripts/Temp/ProjectileController.cs using Guid(73b30daa26020bb499fd53e4f33cce8f) Importer(815301076,1909f56bfc062723c751e8b465ee728b)  -> (artifact id: 'c3956364729c79291bba35b723b4e4e1') in 0.003990 seconds
  Import took 0.006886 seconds .

========================================================================
Received Prepare
Registering precompiled user dll's ...
Registered in 0.000702 seconds.
Begin MonoManager ReloadAssembly
Native extension for WindowsStandalone target not found
Refreshing native plugins compatible for Editor in 0.19 ms, found 0 plugins.
Preloading 0 native plugins for Editor in 0.00 ms.
Invoked RoslynAnalysisRunner static constructor.
RoslynAnalysisRunner will not be running.
RoslynAnalysisRunner has terminated.
Mono: successfully reloaded assembly
- Completed reload, in  0.796 seconds
Platform modules already initialized, skipping
Refreshing native plugins compatible for Editor in 0.25 ms, found 0 plugins.
Preloading 0 native plugins for Editor in 0.00 ms.
Unloading 1128 Unused Serialized files (Serialized files now loaded: 0)
System memory in use before: 61.1 MB.
System memory in use after: 61.2 MB.

Unloading 6 unused Assets to reduce memory usage. Loaded Objects now: 1674.
Total: 3.233900 ms (FindLiveObjects: 0.498700 ms CreateObjectMapping: 0.071700 ms MarkObjects: 2.595900 ms  DeleteObjects: 0.065300 ms)

========================================================================
Received Import Request.
  Time since last request: 395.802828 seconds.
  path: Assets/Scripts/Temp/ProjectileController.cs
  artifactKey: Guid(73b30daa26020bb499fd53e4f33cce8f) Importer(815301076,1909f56bfc062723c751e8b465ee728b)
Start importing Assets/Scripts/Temp/ProjectileController.cs using Guid(73b30daa26020bb499fd53e4f33cce8f) Importer(815301076,1909f56bfc062723c751e8b465ee728b)  -> (artifact id: '561da5b1c9c282d21ec0284910189dc6') in 0.007298 seconds
  Import took 0.018441 seconds .

========================================================================
Received Import Request.
  Time since last request: 1.455839 seconds.
  path: Assets/Scripts/Temp/ProjectileController.cs
  artifactKey: Guid(73b30daa26020bb499fd53e4f33cce8f) Importer(815301076,1909f56bfc062723c751e8b465ee728b)
Start importing Assets/Scripts/Temp/ProjectileController.cs using Guid(73b30daa26020bb499fd53e4f33cce8f) Importer(815301076,1909f56bfc062723c751e8b465ee728b)  -> (artifact id: '561da5b1c9c282d21ec0284910189dc6') in 0.003454 seconds
  Import took 0.007246 seconds .

========================================================================
Received Prepare
Registering precompiled user dll's ...
Registered in 0.000625 seconds.
Begin MonoManager ReloadAssembly
Native extension for WindowsStandalone target not found
Refreshing native plugins compatible for Editor in 0.26 ms, found 0 plugins.
Preloading 0 native plugins for Editor in 0.00 ms.
Invoked RoslynAnalysisRunner static constructor.
RoslynAnalysisRunner will not be running.
RoslynAnalysisRunner has terminated.
Mono: successfully reloaded assembly
- Completed reload, in  0.823 seconds
Platform modules already initialized, skipping
Refreshing native plugins compatible for Editor in 0.23 ms, found 0 plugins.
Preloading 0 native plugins for Editor in 0.00 ms.
Unloading 1128 Unused Serialized files (Serialized files now loaded: 0)
System memory in use before: 61.1 MB.
System memory in use after: 61.2 MB.

Unloading 4 unused Assets to reduce memory usage. Loaded Objects now: 1677.
Total: 2.339000 ms (FindLiveObjects: 0.165400 ms CreateObjectMapping: 0.049000 ms MarkObjects: 2.083200 ms  DeleteObjects: 0.039500 ms)

========================================================================
Received Import Request.
  Time since last request: 59.607222 seconds.
  path: Assets/Prefabs/Projectile.prefab
  artifactKey: Guid(d0f8f80aa78e4564998f8463f69db0bb) Importer(815301076,1909f56bfc062723c751e8b465ee728b)
Start importing Assets/Prefabs/Projectile.prefab using Guid(d0f8f80aa78e4564998f8463f69db0bb) Importer(815301076,1909f56bfc062723c751e8b465ee728b)  -> (artifact id: '75b054abf30f01b206a1fee59200a614') in 0.070120 seconds
  Import took 0.082584 seconds .

========================================================================
Received Import Request.
  Time since last request: 11.386372 seconds.
  path: Assets/Scripts/WeaponManager.cs
  artifactKey: Guid(8773fa3e5c92e0b43bd5d9b96b729a4d) Importer(815301076,1909f56bfc062723c751e8b465ee728b)
Start importing Assets/Scripts/WeaponManager.cs using Guid(8773fa3e5c92e0b43bd5d9b96b729a4d) Importer(815301076,1909f56bfc062723c751e8b465ee728b)  -> (artifact id: '869c92973f0fd556e123f37e1e528d84') in 0.009623 seconds
  Import took 0.013686 seconds .

========================================================================
Received Prepare
Registering precompiled user dll's ...
Registered in 0.000743 seconds.
Begin MonoManager ReloadAssembly
Native extension for WindowsStandalone target not found
Refreshing native plugins compatible for Editor in 0.20 ms, found 0 plugins.
Preloading 0 native plugins for Editor in 0.00 ms.
Invoked RoslynAnalysisRunner static constructor.
RoslynAnalysisRunner will not be running.
RoslynAnalysisRunner has terminated.
Mono: successfully reloaded assembly
- Completed reload, in  0.859 seconds
Platform modules already initialized, skipping
Refreshing native plugins compatible for Editor in 0.37 ms, found 0 plugins.
Preloading 0 native plugins for Editor in 0.00 ms.
Unloading 1129 Unused Serialized files (Serialized files now loaded: 0)
System memory in use before: 61.2 MB.
System memory in use after: 61.3 MB.

Unloading 4 unused Assets to reduce memory usage. Loaded Objects now: 1682.
Total: 2.770000 ms (FindLiveObjects: 0.236700 ms CreateObjectMapping: 0.044400 ms MarkObjects: 2.456200 ms  DeleteObjects: 0.031100 ms)

========================================================================
Received Import Request.
  Time since last request: 36.572201 seconds.
  path: Assets/Scripts/WeaponManager.cs
  artifactKey: Guid(8773fa3e5c92e0b43bd5d9b96b729a4d) Importer(815301076,1909f56bfc062723c751e8b465ee728b)
Start importing Assets/Scripts/WeaponManager.cs using Guid(8773fa3e5c92e0b43bd5d9b96b729a4d) Importer(815301076,1909f56bfc062723c751e8b465ee728b)  -> (artifact id: '0e13a89ba8fc0d12b072933e1d63f41a') in 0.010278 seconds
  Import took 0.020445 seconds .

========================================================================
Received Prepare
Registering precompiled user dll's ...
Registered in 0.000660 seconds.
Begin MonoManager ReloadAssembly
Native extension for WindowsStandalone target not found
Refreshing native plugins compatible for Editor in 0.20 ms, found 0 plugins.
Preloading 0 native plugins for Editor in 0.00 ms.
Invoked RoslynAnalysisRunner static constructor.
RoslynAnalysisRunner will not be running.
RoslynAnalysisRunner has terminated.
Mono: successfully reloaded assembly
- Completed reload, in  0.855 seconds
Platform modules already initialized, skipping
Refreshing native plugins compatible for Editor in 0.42 ms, found 0 plugins.
Preloading 0 native plugins for Editor in 0.00 ms.
Unloading 1129 Unused Serialized files (Serialized files now loaded: 0)
System memory in use before: 61.2 MB.
System memory in use after: 61.3 MB.

Unloading 4 unused Assets to reduce memory usage. Loaded Objects now: 1685.
Total: 2.980000 ms (FindLiveObjects: 0.143700 ms CreateObjectMapping: 0.043900 ms MarkObjects: 2.699700 ms  DeleteObjects: 0.091000 ms)

========================================================================
Received Prepare
Registering precompiled user dll's ...
Registered in 0.000633 seconds.
Begin MonoManager ReloadAssembly
Native extension for WindowsStandalone target not found
Refreshing native plugins compatible for Editor in 0.29 ms, found 0 plugins.
Preloading 0 native plugins for Editor in 0.00 ms.
Invoked RoslynAnalysisRunner static constructor.
RoslynAnalysisRunner will not be running.
RoslynAnalysisRunner has terminated.
Mono: successfully reloaded assembly
- Completed reload, in  0.798 seconds
Platform modules already initialized, skipping
Refreshing native plugins compatible for Editor in 0.42 ms, found 0 plugins.
Preloading 0 native plugins for Editor in 0.00 ms.
Unloading 1129 Unused Serialized files (Serialized files now loaded: 0)
System memory in use before: 61.2 MB.
System memory in use after: 61.3 MB.

Unloading 4 unused Assets to reduce memory usage. Loaded Objects now: 1688.
Total: 3.248000 ms (FindLiveObjects: 0.254900 ms CreateObjectMapping: 0.035600 ms MarkObjects: 2.861900 ms  DeleteObjects: 0.093700 ms)

========================================================================
Received Prepare
Registering precompiled user dll's ...
Registered in 0.000641 seconds.
Begin MonoManager ReloadAssembly
Native extension for WindowsStandalone target not found
Refreshing native plugins compatible for Editor in 0.27 ms, found 0 plugins.
Preloading 0 native plugins for Editor in 0.00 ms.
Invoked RoslynAnalysisRunner static constructor.
RoslynAnalysisRunner will not be running.
RoslynAnalysisRunner has terminated.
Mono: successfully reloaded assembly
- Completed reload, in  0.845 seconds
Platform modules already initialized, skipping
Refreshing native plugins compatible for Editor in 0.29 ms, found 0 plugins.
Preloading 0 native plugins for Editor in 0.00 ms.
Unloading 1129 Unused Serialized files (Serialized files now loaded: 0)
System memory in use before: 61.2 MB.
System memory in use after: 61.3 MB.

Unloading 4 unused Assets to reduce memory usage. Loaded Objects now: 1691.
Total: 1.987300 ms (FindLiveObjects: 0.330000 ms CreateObjectMapping: 0.101300 ms MarkObjects: 1.470000 ms  DeleteObjects: 0.083600 ms)

========================================================================
Received Prepare
Registering precompiled user dll's ...
Registered in 0.000825 seconds.
Begin MonoManager ReloadAssembly
Native extension for WindowsStandalone target not found
Refreshing native plugins compatible for Editor in 0.20 ms, found 0 plugins.
Preloading 0 native plugins for Editor in 0.00 ms.
Invoked RoslynAnalysisRunner static constructor.
RoslynAnalysisRunner will not be running.
RoslynAnalysisRunner has terminated.
Mono: successfully reloaded assembly
- Completed reload, in  0.879 seconds
Platform modules already initialized, skipping
Refreshing native plugins compatible for Editor in 0.44 ms, found 0 plugins.
Preloading 0 native plugins for Editor in 0.00 ms.
Unloading 1129 Unused Serialized files (Serialized files now loaded: 0)
System memory in use before: 61.2 MB.
System memory in use after: 61.3 MB.

Unloading 4 unused Assets to reduce memory usage. Loaded Objects now: 1694.
Total: 3.598200 ms (FindLiveObjects: 0.245400 ms CreateObjectMapping: 0.132300 ms MarkObjects: 3.155500 ms  DeleteObjects: 0.062400 ms)

========================================================================
Received Prepare
Registering precompiled user dll's ...
Registered in 0.000598 seconds.
Begin MonoManager ReloadAssembly
Native extension for WindowsStandalone target not found
Refreshing native plugins compatible for Editor in 0.47 ms, found 0 plugins.
Preloading 0 native plugins for Editor in 0.00 ms.
Invoked RoslynAnalysisRunner static constructor.
RoslynAnalysisRunner will not be running.
RoslynAnalysisRunner has terminated.
Mono: successfully reloaded assembly
- Completed reload, in  0.801 seconds
Platform modules already initialized, skipping
Refreshing native plugins compatible for Editor in 0.30 ms, found 0 plugins.
Preloading 0 native plugins for Editor in 0.00 ms.
Unloading 1129 Unused Serialized files (Serialized files now loaded: 0)
System memory in use before: 61.2 MB.
System memory in use after: 61.3 MB.

Unloading 4 unused Assets to reduce memory usage. Loaded Objects now: 1697.
Total: 3.310500 ms (FindLiveObjects: 0.179000 ms CreateObjectMapping: 0.053200 ms MarkObjects: 2.964700 ms  DeleteObjects: 0.111300 ms)

========================================================================
Received Prepare
Registering precompiled user dll's ...
Registered in 0.000719 seconds.
Begin MonoManager ReloadAssembly
Native extension for WindowsStandalone target not found
Refreshing native plugins compatible for Editor in 0.42 ms, found 0 plugins.
Preloading 0 native plugins for Editor in 0.00 ms.
Invoked RoslynAnalysisRunner static constructor.
RoslynAnalysisRunner will not be running.
RoslynAnalysisRunner has terminated.
Mono: successfully reloaded assembly
- Completed reload, in  0.852 seconds
Platform modules already initialized, skipping
Refreshing native plugins compatible for Editor in 0.45 ms, found 0 plugins.
Preloading 0 native plugins for Editor in 0.00 ms.
Unloading 1129 Unused Serialized files (Serialized files now loaded: 0)
System memory in use before: 61.2 MB.
System memory in use after: 61.3 MB.

Unloading 4 unused Assets to reduce memory usage. Loaded Objects now: 1700.
Total: 2.644600 ms (FindLiveObjects: 0.206300 ms CreateObjectMapping: 0.132700 ms MarkObjects: 2.286100 ms  DeleteObjects: 0.017100 ms)

========================================================================
Received Prepare
Registering precompiled user dll's ...
Registered in 0.000610 seconds.
Begin MonoManager ReloadAssembly
Native extension for WindowsStandalone target not found
Refreshing native plugins compatible for Editor in 0.20 ms, found 0 plugins.
Preloading 0 native plugins for Editor in 0.00 ms.
Invoked RoslynAnalysisRunner static constructor.
RoslynAnalysisRunner will not be running.
RoslynAnalysisRunner has terminated.
Mono: successfully reloaded assembly
- Completed reload, in  0.858 seconds
Platform modules already initialized, skipping
Refreshing native plugins compatible for Editor in 0.28 ms, found 0 plugins.
Preloading 0 native plugins for Editor in 0.00 ms.
Unloading 1129 Unused Serialized files (Serialized files now loaded: 0)
System memory in use before: 61.2 MB.
System memory in use after: 61.3 MB.

Unloading 4 unused Assets to reduce memory usage. Loaded Objects now: 1703.
Total: 2.992500 ms (FindLiveObjects: 0.298200 ms CreateObjectMapping: 0.086800 ms MarkObjects: 2.568900 ms  DeleteObjects: 0.036700 ms)

========================================================================
Received Prepare
Registering precompiled user dll's ...
Registered in 0.000682 seconds.
Begin MonoManager ReloadAssembly
Native extension for WindowsStandalone target not found
Refreshing native plugins compatible for Editor in 0.28 ms, found 0 plugins.
Preloading 0 native plugins for Editor in 0.00 ms.
Invoked RoslynAnalysisRunner static constructor.
RoslynAnalysisRunner will not be running.
RoslynAnalysisRunner has terminated.
Mono: successfully reloaded assembly
- Completed reload, in  0.879 seconds
Platform modules already initialized, skipping
Refreshing native plugins compatible for Editor in 0.26 ms, found 0 plugins.
Preloading 0 native plugins for Editor in 0.00 ms.
Unloading 1129 Unused Serialized files (Serialized files now loaded: 0)
System memory in use before: 61.2 MB.
System memory in use after: 61.3 MB.

Unloading 4 unused Assets to reduce memory usage. Loaded Objects now: 1706.
Total: 1.809800 ms (FindLiveObjects: 0.154800 ms CreateObjectMapping: 0.052400 ms MarkObjects: 1.583600 ms  DeleteObjects: 0.017000 ms)

========================================================================
Received Prepare
Registering precompiled user dll's ...
Registered in 0.000589 seconds.
Begin MonoManager ReloadAssembly
Native extension for WindowsStandalone target not found
Refreshing native plugins compatible for Editor in 0.21 ms, found 0 plugins.
Preloading 0 native plugins for Editor in 0.00 ms.
Invoked RoslynAnalysisRunner static constructor.
RoslynAnalysisRunner will not be running.
RoslynAnalysisRunner has terminated.
Mono: successfully reloaded assembly
- Completed reload, in  0.795 seconds
Platform modules already initialized, skipping
Refreshing native plugins compatible for Editor in 0.31 ms, found 0 plugins.
Preloading 0 native plugins for Editor in 0.00 ms.
Unloading 1129 Unused Serialized files (Serialized files now loaded: 0)
System memory in use before: 61.2 MB.
System memory in use after: 61.3 MB.

Unloading 4 unused Assets to reduce memory usage. Loaded Objects now: 1709.
Total: 1.642700 ms (FindLiveObjects: 0.178200 ms CreateObjectMapping: 0.045600 ms MarkObjects: 1.396100 ms  DeleteObjects: 0.020300 ms)

========================================================================
Received Prepare
Registering precompiled user dll's ...
Registered in 0.000555 seconds.
Begin MonoManager ReloadAssembly
Native extension for WindowsStandalone target not found
Refreshing native plugins compatible for Editor in 0.20 ms, found 0 plugins.
Preloading 0 native plugins for Editor in 0.00 ms.
Invoked RoslynAnalysisRunner static constructor.
RoslynAnalysisRunner will not be running.
RoslynAnalysisRunner has terminated.
Mono: successfully reloaded assembly
- Completed reload, in  0.796 seconds
Platform modules already initialized, skipping
Refreshing native plugins compatible for Editor in 0.36 ms, found 0 plugins.
Preloading 0 native plugins for Editor in 0.00 ms.
Unloading 1129 Unused Serialized files (Serialized files now loaded: 0)
System memory in use before: 61.2 MB.
System memory in use after: 61.3 MB.

Unloading 4 unused Assets to reduce memory usage. Loaded Objects now: 1712.
Total: 2.837100 ms (FindLiveObjects: 0.288700 ms CreateObjectMapping: 0.052800 ms MarkObjects: 2.413600 ms  DeleteObjects: 0.079700 ms)

========================================================================
Received Import Request.
  Time since last request: 831.351646 seconds.
  path: Assets/Prefabs/UIandSystemPrefabs/BootMenu.prefab
  artifactKey: Guid(42251710fe33c1d43aad1497d9fd37dd) Importer(815301076,1909f56bfc062723c751e8b465ee728b)
Start importing Assets/Prefabs/UIandSystemPrefabs/BootMenu.prefab using Guid(42251710fe33c1d43aad1497d9fd37dd) Importer(815301076,1909f56bfc062723c751e8b465ee728b)  -> (artifact id: '72825f7639ab82f0b8c3ec826a2c76e7') in 0.042820 seconds
  Import took 0.047529 seconds .

========================================================================
Received Import Request.
  Time since last request: 0.000529 seconds.
  path: Assets/Prefabs/UIandSystemPrefabs/UIManager.prefab
  artifactKey: Guid(3e89fb4272f9b944ba5a90125582d667) Importer(815301076,1909f56bfc062723c751e8b465ee728b)
Start importing Assets/Prefabs/UIandSystemPrefabs/UIManager.prefab using Guid(3e89fb4272f9b944ba5a90125582d667) Importer(815301076,1909f56bfc062723c751e8b465ee728b)  -> (artifact id: 'ace80a1989f8b13f3cd5e5369a382d0e') in 0.031410 seconds
  Import took 0.043765 seconds .

========================================================================
Received Import Request.
  Time since last request: 0.000484 seconds.
  path: Assets/Prefabs/UIandSystemPrefabs/MainMenu.prefab
  artifactKey: Guid(013de875ff5fe654bb2265e04d8ae6bf) Importer(815301076,1909f56bfc062723c751e8b465ee728b)
Start importing Assets/Prefabs/UIandSystemPrefabs/MainMenu.prefab using Guid(013de875ff5fe654bb2265e04d8ae6bf) Importer(815301076,1909f56bfc062723c751e8b465ee728b)  -> (artifact id: 'e1fb6d87acf8c743e4c2bcdf5b289ef0') in 0.009618 seconds
  Import took 0.012438 seconds .

========================================================================
Received Import Request.
  Time since last request: 0.000340 seconds.
  path: Assets/Prefabs/UIandSystemPrefabs/GameOverMenu.prefab
  artifactKey: Guid(f570a428fc66ed04e9db829ee729ea64) Importer(815301076,1909f56bfc062723c751e8b465ee728b)
Start importing Assets/Prefabs/UIandSystemPrefabs/GameOverMenu.prefab using Guid(f570a428fc66ed04e9db829ee729ea64) Importer(815301076,1909f56bfc062723c751e8b465ee728b)  -> (artifact id: 'bff10023f6403a6d5022a23adce4b5a0') in 0.010522 seconds
  Import took 0.014568 seconds .

========================================================================
Received Import Request.
  Time since last request: 0.000205 seconds.
  path: Assets/Prefabs/UIandSystemPrefabs/PauseMenu.prefab
  artifactKey: Guid(b2b574f595ea7d44eb3f5a57a1ca44f6) Importer(815301076,1909f56bfc062723c751e8b465ee728b)
Start importing Assets/Prefabs/UIandSystemPrefabs/PauseMenu.prefab using Guid(b2b574f595ea7d44eb3f5a57a1ca44f6) Importer(815301076,1909f56bfc062723c751e8b465ee728b)  -> (artifact id: '81d765af36a2ad19a59046a62a8b0bf9') in 0.010799 seconds
  Import took 0.014768 seconds .

========================================================================
Received Import Request.
  Time since last request: 2.498556 seconds.
  path: Assets/Prefabs/UIandSystemPrefabs/WeaponManager.prefab
  artifactKey: Guid(a19d66c033418f54c892c354e4cbf995) Importer(815301076,1909f56bfc062723c751e8b465ee728b)
Start importing Assets/Prefabs/UIandSystemPrefabs/WeaponManager.prefab using Guid(a19d66c033418f54c892c354e4cbf995) Importer(815301076,1909f56bfc062723c751e8b465ee728b)  -> (artifact id: '9d0dd6aef057c384c7cc187b9f2678fd') in 0.008500 seconds
  Import took 0.013002 seconds .

========================================================================
Received Import Request.
  Time since last request: 0.003512 seconds.
  path: Assets/Prefabs/UIandSystemPrefabs/WeaponManager.prefab
  artifactKey: Guid(a19d66c033418f54c892c354e4cbf995) Importer(815301076,1909f56bfc062723c751e8b465ee728b)
Start importing Assets/Prefabs/UIandSystemPrefabs/WeaponManager.prefab using Guid(a19d66c033418f54c892c354e4cbf995) Importer(815301076,1909f56bfc062723c751e8b465ee728b)  -> (artifact id: '9d0dd6aef057c384c7cc187b9f2678fd') in 0.004843 seconds
  Import took 0.007036 seconds .

========================================================================
Received Import Request.
  Time since last request: 11.159250 seconds.
  path: Assets/Prefabs/UIandSystemPrefabs/WeaponManager.prefab
  artifactKey: Guid(a19d66c033418f54c892c354e4cbf995) Importer(815301076,1909f56bfc062723c751e8b465ee728b)
Start importing Assets/Prefabs/UIandSystemPrefabs/WeaponManager.prefab using Guid(a19d66c033418f54c892c354e4cbf995) Importer(815301076,1909f56bfc062723c751e8b465ee728b)  -> (artifact id: '559b3c9333466f9e6ffd33ba4b66875a') in 0.005692 seconds
  Import took 0.008944 seconds .

========================================================================
Received Import Request.
  Time since last request: 0.003696 seconds.
  path: Assets/Prefabs/UIandSystemPrefabs/WeaponManager.prefab
  artifactKey: Guid(a19d66c033418f54c892c354e4cbf995) Importer(815301076,1909f56bfc062723c751e8b465ee728b)
Start importing Assets/Prefabs/UIandSystemPrefabs/WeaponManager.prefab using Guid(a19d66c033418f54c892c354e4cbf995) Importer(815301076,1909f56bfc062723c751e8b465ee728b)  -> (artifact id: '559b3c9333466f9e6ffd33ba4b66875a') in 0.005384 seconds
  Import took 0.007784 seconds .

========================================================================
Received Prepare
Registering precompiled user dll's ...
Registered in 0.000999 seconds.
Begin MonoManager ReloadAssembly
Native extension for WindowsStandalone target not found
Refreshing native plugins compatible for Editor in 0.29 ms, found 0 plugins.
Preloading 0 native plugins for Editor in 0.00 ms.
Invoked RoslynAnalysisRunner static constructor.
RoslynAnalysisRunner will not be running.
RoslynAnalysisRunner has terminated.
Mono: successfully reloaded assembly
- Completed reload, in  0.823 seconds
Platform modules already initialized, skipping
Refreshing native plugins compatible for Editor in 0.27 ms, found 0 plugins.
Preloading 0 native plugins for Editor in 0.00 ms.
Unloading 1129 Unused Serialized files (Serialized files now loaded: 0)
System memory in use before: 61.3 MB.
System memory in use after: 61.4 MB.

Unloading 6 unused Assets to reduce memory usage. Loaded Objects now: 1715.
Total: 2.664700 ms (FindLiveObjects: 0.192100 ms CreateObjectMapping: 0.042900 ms MarkObjects: 2.325600 ms  DeleteObjects: 0.102800 ms)

========================================================================
Received Import Request.
  Time since last request: 9293.621136 seconds.
  path: Assets/Prefabs/Ships/PlayerShip.prefab
  artifactKey: Guid(a292cbbbba45fd240b365c18d96e8c8e) Importer(815301076,1909f56bfc062723c751e8b465ee728b)
Start importing Assets/Prefabs/Ships/PlayerShip.prefab using Guid(a292cbbbba45fd240b365c18d96e8c8e) Importer(815301076,1909f56bfc062723c751e8b465ee728b)  -> (artifact id: '9a05c8145f827ae7a5aa727758358b08') in 0.091458 seconds
  Import took 0.097277 seconds .

========================================================================
Received Import Request.
  Time since last request: 0.000428 seconds.
  path: Assets/Prefabs/Ships/Weapon.prefab
  artifactKey: Guid(d8ea53ee026eae443a25ab026478c5ba) Importer(815301076,1909f56bfc062723c751e8b465ee728b)
Start importing Assets/Prefabs/Ships/Weapon.prefab using Guid(d8ea53ee026eae443a25ab026478c5ba) Importer(815301076,1909f56bfc062723c751e8b465ee728b)  -> (artifact id: '4cce84826e01cd8fa00619b08129d544') in 0.019850 seconds
  Import took 0.023474 seconds .

========================================================================
Received Import Request.
  Time since last request: 0.000341 seconds.
  path: Assets/Prefabs/Ships/Shield.prefab
  artifactKey: Guid(bb3718d410eb26e4985362905c75b229) Importer(815301076,1909f56bfc062723c751e8b465ee728b)
Start importing Assets/Prefabs/Ships/Shield.prefab using Guid(bb3718d410eb26e4985362905c75b229) Importer(815301076,1909f56bfc062723c751e8b465ee728b)  -> (artifact id: '1a8e3234a51c21cb6a0ffe595f6661c9') in 0.017887 seconds
  Import took 0.021109 seconds .

========================================================================
Received Prepare
Registering precompiled user dll's ...
Registered in 0.000716 seconds.
Begin MonoManager ReloadAssembly
Native extension for WindowsStandalone target not found
Refreshing native plugins compatible for Editor in 0.20 ms, found 0 plugins.
Preloading 0 native plugins for Editor in 0.00 ms.
Invoked RoslynAnalysisRunner static constructor.
RoslynAnalysisRunner will not be running.
RoslynAnalysisRunner has terminated.
Mono: successfully reloaded assembly
- Completed reload, in  0.821 seconds
Platform modules already initialized, skipping
Refreshing native plugins compatible for Editor in 0.32 ms, found 0 plugins.
Preloading 0 native plugins for Editor in 0.00 ms.
Unloading 1129 Unused Serialized files (Serialized files now loaded: 0)
System memory in use before: 61.3 MB.
System memory in use after: 61.4 MB.

Unloading 7 unused Assets to reduce memory usage. Loaded Objects now: 1720.
Total: 2.645700 ms (FindLiveObjects: 0.172500 ms CreateObjectMapping: 0.046700 ms MarkObjects: 2.267900 ms  DeleteObjects: 0.157300 ms)

========================================================================
Received Import Request.
  Time since last request: 1051.981697 seconds.
  path: Assets/Prefabs/Projectile.prefab
  artifactKey: Guid(d0f8f80aa78e4564998f8463f69db0bb) Importer(815301076,1909f56bfc062723c751e8b465ee728b)
Start importing Assets/Prefabs/Projectile.prefab using Guid(d0f8f80aa78e4564998f8463f69db0bb) Importer(815301076,1909f56bfc062723c751e8b465ee728b)  -> (artifact id: 'e5128945e03c05064783c356dc62eb67') in 0.079827 seconds
  Import took 0.084013 seconds .

========================================================================
Received Prepare
Registering precompiled user dll's ...
Registered in 0.000904 seconds.
Begin MonoManager ReloadAssembly
Native extension for WindowsStandalone target not found
Refreshing native plugins compatible for Editor in 0.24 ms, found 0 plugins.
Preloading 0 native plugins for Editor in 0.00 ms.
Invoked RoslynAnalysisRunner static constructor.
RoslynAnalysisRunner will not be running.
RoslynAnalysisRunner has terminated.
Mono: successfully reloaded assembly
- Completed reload, in  0.944 seconds
Platform modules already initialized, skipping
Refreshing native plugins compatible for Editor in 0.21 ms, found 0 plugins.
Preloading 0 native plugins for Editor in 0.00 ms.
Unloading 1129 Unused Serialized files (Serialized files now loaded: 0)
System memory in use before: 61.3 MB.
System memory in use after: 61.4 MB.

Unloading 4 unused Assets to reduce memory usage. Loaded Objects now: 1724.
Total: 2.012300 ms (FindLiveObjects: 0.144400 ms CreateObjectMapping: 0.040100 ms MarkObjects: 1.795100 ms  DeleteObjects: 0.031100 ms)

========================================================================
Received Prepare
Registering precompiled user dll's ...
Registered in 0.000858 seconds.
Begin MonoManager ReloadAssembly
Native extension for WindowsStandalone target not found
Refreshing native plugins compatible for Editor in 0.22 ms, found 0 plugins.
Preloading 0 native plugins for Editor in 0.00 ms.
Invoked RoslynAnalysisRunner static constructor.
RoslynAnalysisRunner will not be running.
RoslynAnalysisRunner has terminated.
Mono: successfully reloaded assembly
- Completed reload, in  0.849 seconds
Platform modules already initialized, skipping
Refreshing native plugins compatible for Editor in 0.20 ms, found 0 plugins.
Preloading 0 native plugins for Editor in 0.00 ms.
Unloading 1129 Unused Serialized files (Serialized files now loaded: 0)
System memory in use before: 61.3 MB.
System memory in use after: 61.4 MB.

Unloading 4 unused Assets to reduce memory usage. Loaded Objects now: 1727.
Total: 3.130000 ms (FindLiveObjects: 0.161000 ms CreateObjectMapping: 0.048800 ms MarkObjects: 2.860800 ms  DeleteObjects: 0.057200 ms)

========================================================================
Received Prepare
Registering precompiled user dll's ...
Registered in 0.000906 seconds.
Begin MonoManager ReloadAssembly
Native extension for WindowsStandalone target not found
Refreshing native plugins compatible for Editor in 0.38 ms, found 0 plugins.
Preloading 0 native plugins for Editor in 0.00 ms.
Invoked RoslynAnalysisRunner static constructor.
RoslynAnalysisRunner will not be running.
RoslynAnalysisRunner has terminated.
Mono: successfully reloaded assembly
- Completed reload, in  0.877 seconds
Platform modules already initialized, skipping
Refreshing native plugins compatible for Editor in 0.40 ms, found 0 plugins.
Preloading 0 native plugins for Editor in 0.00 ms.
Unloading 1129 Unused Serialized files (Serialized files now loaded: 0)
System memory in use before: 61.3 MB.
System memory in use after: 61.4 MB.

Unloading 4 unused Assets to reduce memory usage. Loaded Objects now: 1730.
Total: 3.250200 ms (FindLiveObjects: 0.375600 ms CreateObjectMapping: 0.086600 ms MarkObjects: 2.752700 ms  DeleteObjects: 0.033200 ms)

========================================================================
Received Prepare
Registering precompiled user dll's ...
Registered in 0.000659 seconds.
Begin MonoManager ReloadAssembly
Native extension for WindowsStandalone target not found
Refreshing native plugins compatible for Editor in 0.34 ms, found 0 plugins.
Preloading 0 native plugins for Editor in 0.00 ms.
Invoked RoslynAnalysisRunner static constructor.
RoslynAnalysisRunner will not be running.
RoslynAnalysisRunner has terminated.
Mono: successfully reloaded assembly
- Completed reload, in  0.803 seconds
Platform modules already initialized, skipping
Refreshing native plugins compatible for Editor in 0.21 ms, found 0 plugins.
Preloading 0 native plugins for Editor in 0.00 ms.
Unloading 1129 Unused Serialized files (Serialized files now loaded: 0)
System memory in use before: 61.3 MB.
System memory in use after: 61.4 MB.

Unloading 4 unused Assets to reduce memory usage. Loaded Objects now: 1733.
Total: 2.878200 ms (FindLiveObjects: 0.251300 ms CreateObjectMapping: 0.060000 ms MarkObjects: 2.533800 ms  DeleteObjects: 0.031000 ms)

========================================================================
Received Prepare
Registering precompiled user dll's ...
Registered in 0.000552 seconds.
Begin MonoManager ReloadAssembly
Native extension for WindowsStandalone target not found
Refreshing native plugins compatible for Editor in 0.22 ms, found 0 plugins.
Preloading 0 native plugins for Editor in 0.00 ms.
Invoked RoslynAnalysisRunner static constructor.
RoslynAnalysisRunner will not be running.
RoslynAnalysisRunner has terminated.
Mono: successfully reloaded assembly
- Completed reload, in  0.850 seconds
Platform modules already initialized, skipping
Refreshing native plugins compatible for Editor in 0.21 ms, found 0 plugins.
Preloading 0 native plugins for Editor in 0.00 ms.
Unloading 1129 Unused Serialized files (Serialized files now loaded: 0)
System memory in use before: 61.3 MB.
System memory in use after: 61.4 MB.

Unloading 4 unused Assets to reduce memory usage. Loaded Objects now: 1736.
Total: 3.169100 ms (FindLiveObjects: 0.224800 ms CreateObjectMapping: 0.072500 ms MarkObjects: 2.832500 ms  DeleteObjects: 0.034800 ms)

========================================================================
Received Prepare
Registering precompiled user dll's ...
Registered in 0.000614 seconds.
Begin MonoManager ReloadAssembly
Native extension for WindowsStandalone target not found
Refreshing native plugins compatible for Editor in 0.89 ms, found 0 plugins.
Preloading 0 native plugins for Editor in 0.00 ms.
Invoked RoslynAnalysisRunner static constructor.
RoslynAnalysisRunner will not be running.
RoslynAnalysisRunner has terminated.
Mono: successfully reloaded assembly
- Completed reload, in  0.863 seconds
Platform modules already initialized, skipping
Refreshing native plugins compatible for Editor in 0.25 ms, found 0 plugins.
Preloading 0 native plugins for Editor in 0.00 ms.
Unloading 1129 Unused Serialized files (Serialized files now loaded: 0)
System memory in use before: 61.3 MB.
System memory in use after: 61.4 MB.

Unloading 4 unused Assets to reduce memory usage. Loaded Objects now: 1739.
Total: 3.148700 ms (FindLiveObjects: 0.165400 ms CreateObjectMapping: 0.041200 ms MarkObjects: 2.825300 ms  DeleteObjects: 0.115100 ms)

========================================================================
Received Import Request.
  Time since last request: 252.924814 seconds.
  path: Assets/Scripts/ItemBlaster.asset
  artifactKey: Guid(3419771c99e10484f84c5159c337bf93) Importer(815301076,1909f56bfc062723c751e8b465ee728b)
Start importing Assets/Scripts/ItemBlaster.asset using Guid(3419771c99e10484f84c5159c337bf93) Importer(815301076,1909f56bfc062723c751e8b465ee728b)  -> (artifact id: 'ef1fdb89ed72dfcc0d77f0c02e1fd65c') in 0.028392 seconds
  Import took 0.032102 seconds .

========================================================================
Received Prepare
Registering precompiled user dll's ...
Registered in 0.000630 seconds.
Begin MonoManager ReloadAssembly
Native extension for WindowsStandalone target not found
Refreshing native plugins compatible for Editor in 0.28 ms, found 0 plugins.
Preloading 0 native plugins for Editor in 0.00 ms.
Invoked RoslynAnalysisRunner static constructor.
RoslynAnalysisRunner will not be running.
RoslynAnalysisRunner has terminated.
Mono: successfully reloaded assembly
- Completed reload, in  0.794 seconds
Platform modules already initialized, skipping
Refreshing native plugins compatible for Editor in 0.28 ms, found 0 plugins.
Preloading 0 native plugins for Editor in 0.00 ms.
Unloading 1129 Unused Serialized files (Serialized files now loaded: 0)
System memory in use before: 61.3 MB.
System memory in use after: 61.4 MB.

Unloading 4 unused Assets to reduce memory usage. Loaded Objects now: 1742.
Total: 1.651300 ms (FindLiveObjects: 0.154900 ms CreateObjectMapping: 0.069300 ms MarkObjects: 1.367200 ms  DeleteObjects: 0.058900 ms)

========================================================================
Received Prepare
Registering precompiled user dll's ...
Registered in 0.000781 seconds.
Begin MonoManager ReloadAssembly
Native extension for WindowsStandalone target not found
Refreshing native plugins compatible for Editor in 0.20 ms, found 0 plugins.
Preloading 0 native plugins for Editor in 0.00 ms.
Invoked RoslynAnalysisRunner static constructor.
RoslynAnalysisRunner will not be running.
RoslynAnalysisRunner has terminated.
Mono: successfully reloaded assembly
- Completed reload, in  0.812 seconds
Platform modules already initialized, skipping
Refreshing native plugins compatible for Editor in 0.31 ms, found 0 plugins.
Preloading 0 native plugins for Editor in 0.00 ms.
Unloading 1129 Unused Serialized files (Serialized files now loaded: 0)
System memory in use before: 61.3 MB.
System memory in use after: 61.4 MB.

Unloading 4 unused Assets to reduce memory usage. Loaded Objects now: 1745.
Total: 2.156200 ms (FindLiveObjects: 0.155000 ms CreateObjectMapping: 0.045300 ms MarkObjects: 1.926000 ms  DeleteObjects: 0.027900 ms)

========================================================================
Received Prepare
Registering precompiled user dll's ...
Registered in 0.000801 seconds.
Begin MonoManager ReloadAssembly
Native extension for WindowsStandalone target not found
Refreshing native plugins compatible for Editor in 0.23 ms, found 0 plugins.
Preloading 0 native plugins for Editor in 0.00 ms.
Invoked RoslynAnalysisRunner static constructor.
RoslynAnalysisRunner will not be running.
RoslynAnalysisRunner has terminated.
Mono: successfully reloaded assembly
- Completed reload, in  0.845 seconds
Platform modules already initialized, skipping
Refreshing native plugins compatible for Editor in 0.22 ms, found 0 plugins.
Preloading 0 native plugins for Editor in 0.00 ms.
Unloading 1129 Unused Serialized files (Serialized files now loaded: 0)
System memory in use before: 61.3 MB.
System memory in use after: 61.4 MB.

Unloading 4 unused Assets to reduce memory usage. Loaded Objects now: 1748.
Total: 1.814800 ms (FindLiveObjects: 0.164500 ms CreateObjectMapping: 0.047500 ms MarkObjects: 1.578300 ms  DeleteObjects: 0.023200 ms)

========================================================================
Received Import Request.
  Time since last request: 147.210032 seconds.
  path: Assets/Scripts/ItemBlaster.asset
  artifactKey: Guid(3419771c99e10484f84c5159c337bf93) Importer(815301076,1909f56bfc062723c751e8b465ee728b)
Start importing Assets/Scripts/ItemBlaster.asset using Guid(3419771c99e10484f84c5159c337bf93) Importer(815301076,1909f56bfc062723c751e8b465ee728b)  -> (artifact id: 'ef6b6fea6593ca05c0e3f209af9bb6d2') in 0.015192 seconds
  Import took 0.018496 seconds .

========================================================================
Received Import Request.
  Time since last request: 1.593386 seconds.
  path: Assets/Scripts/ItemBlaster.asset
  artifactKey: Guid(3419771c99e10484f84c5159c337bf93) Importer(815301076,1909f56bfc062723c751e8b465ee728b)
Start importing Assets/Scripts/ItemBlaster.asset using Guid(3419771c99e10484f84c5159c337bf93) Importer(815301076,1909f56bfc062723c751e8b465ee728b)  -> (artifact id: 'ef6b6fea6593ca05c0e3f209af9bb6d2') in 0.005412 seconds
  Import took 0.009300 seconds .

========================================================================
Received Prepare
Registering precompiled user dll's ...
Registered in 0.001086 seconds.
Begin MonoManager ReloadAssembly
Native extension for WindowsStandalone target not found
Refreshing native plugins compatible for Editor in 0.22 ms, found 0 plugins.
Preloading 0 native plugins for Editor in 0.00 ms.
Invoked RoslynAnalysisRunner static constructor.
RoslynAnalysisRunner will not be running.
RoslynAnalysisRunner has terminated.
Mono: successfully reloaded assembly
- Completed reload, in  0.815 seconds
Platform modules already initialized, skipping
Refreshing native plugins compatible for Editor in 0.21 ms, found 0 plugins.
Preloading 0 native plugins for Editor in 0.00 ms.
Unloading 1129 Unused Serialized files (Serialized files now loaded: 0)
System memory in use before: 61.3 MB.
System memory in use after: 61.4 MB.

Unloading 4 unused Assets to reduce memory usage. Loaded Objects now: 1751.
Total: 2.950200 ms (FindLiveObjects: 0.201200 ms CreateObjectMapping: 0.042500 ms MarkObjects: 2.642300 ms  DeleteObjects: 0.062900 ms)

========================================================================
Received Prepare
Registering precompiled user dll's ...
Registered in 0.000666 seconds.
Begin MonoManager ReloadAssembly
Native extension for WindowsStandalone target not found
Refreshing native plugins compatible for Editor in 0.20 ms, found 0 plugins.
Preloading 0 native plugins for Editor in 0.00 ms.
Invoked RoslynAnalysisRunner static constructor.
RoslynAnalysisRunner will not be running.
RoslynAnalysisRunner has terminated.
Mono: successfully reloaded assembly
- Completed reload, in  0.779 seconds
Platform modules already initialized, skipping
Refreshing native plugins compatible for Editor in 0.42 ms, found 0 plugins.
Preloading 0 native plugins for Editor in 0.00 ms.
Unloading 1129 Unused Serialized files (Serialized files now loaded: 0)
System memory in use before: 61.3 MB.
System memory in use after: 61.4 MB.

Unloading 4 unused Assets to reduce memory usage. Loaded Objects now: 1754.
Total: 2.834100 ms (FindLiveObjects: 0.186900 ms CreateObjectMapping: 0.100300 ms MarkObjects: 2.514800 ms  DeleteObjects: 0.030200 ms)

========================================================================
Received Prepare
Registering precompiled user dll's ...
Registered in 0.000701 seconds.
Begin MonoManager ReloadAssembly
Native extension for WindowsStandalone target not found
Refreshing native plugins compatible for Editor in 0.23 ms, found 0 plugins.
Preloading 0 native plugins for Editor in 0.00 ms.
Invoked RoslynAnalysisRunner static constructor.
RoslynAnalysisRunner will not be running.
RoslynAnalysisRunner has terminated.
Mono: successfully reloaded assembly
- Completed reload, in  0.865 seconds
Platform modules already initialized, skipping
Refreshing native plugins compatible for Editor in 0.42 ms, found 0 plugins.
Preloading 0 native plugins for Editor in 0.00 ms.
Unloading 1129 Unused Serialized files (Serialized files now loaded: 0)
System memory in use before: 61.3 MB.
System memory in use after: 61.4 MB.

Unloading 4 unused Assets to reduce memory usage. Loaded Objects now: 1757.
Total: 1.946700 ms (FindLiveObjects: 0.167800 ms CreateObjectMapping: 0.034400 ms MarkObjects: 1.725800 ms  DeleteObjects: 0.017700 ms)

========================================================================
Received Import Request.
  Time since last request: 192.921930 seconds.
  path: Assets/Scripts/ItemBlaster.asset
  artifactKey: Guid(3419771c99e10484f84c5159c337bf93) Importer(815301076,1909f56bfc062723c751e8b465ee728b)
Start importing Assets/Scripts/ItemBlaster.asset using Guid(3419771c99e10484f84c5159c337bf93) Importer(815301076,1909f56bfc062723c751e8b465ee728b)  -> (artifact id: 'ff7c824abdd7b5a92cb6b9c4ab57dcfb') in 0.016932 seconds
  Import took 0.028198 seconds .

AssetImportWorkerClient::OnTransportError - code=2 error=End of file
